1,1,/timestamp,200,18
1,2,/toupper?text=testing,200,17
1,3,/status,200,15
1,4,/reverse?text=HelloWorld,200,16
1,5,/hash?text=TestData123&algo=sha256,200,13
1,6,/fibonacci?num=30,200,11
1,7,/reverse?text=HelloWorld,200,15
1,8,/random?min=1&max=100,200,17
1,9,/status,200,11
1,10,/fibonacci?num=30,200,11
10,1,/status,200,18
10,2,/toupper?text=lowercase,200,14
10,3,/timestamp,200,15
10,4,/status,200,12
10,5,/reverse?text=StressTest,200,14
10,6,/fibonacci?num=30,200,12
10,7,/status,200,12
10,8,/help,200,16
10,9,/fibonacci?num=30,200,11
10,10,/fibonacci?num=30,200,13
2,1,/hash?text=TestData123&algo=sha256,200,19
2,2,/hash?text=TestData123&algo=sha256,200,12
2,3,/status,200,15
2,4,/reverse?text=StressTest,200,16
2,5,/timestamp,200,20
2,6,/hash?text=TestData123&algo=sha256,200,14
2,7,/help,200,13
2,8,/timestamp,200,11
2,9,/hash?text=TestData123&algo=sha256,200,10
2,10,/status,200,12
3,1,/reverse?text=HelloWorld,200,17
3,2,/status,200,11
3,3,/hash?text=TestData123&algo=sha256,200,13
3,4,/timestamp,200,11
3,5,/hash?text=TestData123&algo=sha256,200,11
3,6,/random?min=1&max=1000,200,13
3,7,/toupper?text=testing,200,9
3,8,/toupper?text=lowercase,200,8
3,9,/fibonacci?num=30,200,9
3,10,/hash?text=TestData123&algo=sha256,200,11
4,1,/toupper?text=testing,200,22
4,2,/status,200,14
4,3,/hash?text=TestData123&algo=sha256,200,14
4,4,/fibonacci?num=25,200,14
4,5,/help,200,13
4,6,/reverse?text=HelloWorld,200,11
4,7,/reverse?text=HelloWorld,200,14
4,8,/reverse?text=StressTest,200,14
4,9,/fibonacci?num=30,200,13
4,10,/random?min=1&max=1000,200,10
5,1,/hash?text=TestData123&algo=sha256,200,18
5,2,/hash?text=TestData123&algo=sha256,200,11
5,3,/status,200,11
5,4,/random?min=1&max=1000,200,11
5,5,/random?min=1&max=1000,200,9
5,6,/fibonacci?num=25,200,13
5,7,/fibonacci?num=25,200,10
5,8,/random?min=1&max=1000,200,12
5,9,/random?min=1&max=1000,200,12
5,10,/timestamp,200,12
6,1,/fibonacci?num=30,200,20
6,2,/toupper?text=testing,200,13
6,3,/timestamp,200,14
6,4,/help,200,14
6,5,/toupper?text=lowercase,200,11
6,6,/fibonacci?num=20,200,12
6,7,/timestamp,200,16
6,8,/timestamp,200,13
6,9,/toupper?text=testing,200,12
6,10,/help,200,10
7,1,/toupper?text=testing,200,18
7,2,/status,200,13
7,3,/toupper?text=lowercase,200,14
7,4,/toupper?text=testing,200,13
7,5,/timestamp,200,11
7,6,/random?min=1&max=1000,200,10
7,7,/help,200,9
7,8,/timestamp,200,8
7,9,/timestamp,200,11
7,10,/fibonacci?num=25,200,12
8,1,/timestamp,200,17
8,2,/fibonacci?num=30,200,15
8,3,/toupper?text=lowercase,200,15
8,4,/hash?text=TestData123&algo=sha256,200,16
8,5,/status,200,17
8,6,/fibonacci?num=20,200,13
8,7,/toupper?text=lowercase,200,14
8,8,/random?min=1&max=1000,200,12
8,9,/reverse?text=HelloWorld,200,13
8,10,/status,200,9
9,1,/fibonacci?num=25,200,20
9,2,/hash?text=TestData123&algo=sha256,200,18
9,3,/fibonacci?num=25,200,13
9,4,/fibonacci?num=30,200,12
9,5,/fibonacci?num=25,200,14
9,6,/random?min=1&max=1000,200,12
9,7,/fibonacci?num=20,200,14
9,8,/toupper?text=testing,200,11
9,9,/reverse?text=StressTest,200,14
9,10,/fibonacci?num=30,200,16
