1,1,/factor?num=123456789,400,43
1,2,/wordcount?name=test_text.txt,200,268
1,3,/isprime?num=15485863,400,22
1,4,/isprime?num=15485863,400,21
1,5,/isprime?num=15485863,400,32
1,6,/wordcount?name=test_text.txt,200,83
1,7,/fibonacci?num=30,200,35
1,8,/hash?text=TestData123&algo=sha256,200,39
1,9,/factor?num=123456789,400,38
1,10,/fibonacci?num=30,200,31
10,1,/reverse?text=Hello%20World%20Testing%20Stress,200,48
10,2,/hash?text=TestData123&algo=sha256,200,174
10,3,/pi?iterations=100000,400,16
10,4,/createfile?name=stress_test.txt&content=StressData&repeat=10,200,81
10,5,/isprime?num=15485863,400,24
10,6,/hash?text=TestData123&algo=sha256,200,44
10,7,/createfile?name=stress_test.txt&content=StressData&repeat=10,200,71
10,8,/factor?num=123456789,400,52
10,9,/status,200,71
10,10,/fibonacci?num=30,200,50
100,1,/random?min=1&max=1000,200,69
100,2,/factor?num=123456789,400,24
100,3,/createfile?name=stress_test.txt&content=StressData&repeat=10,200,64
100,4,/reverse?text=Hello%20World%20Testing%20Stress,200,38
100,5,/reverse?text=Hello%20World%20Testing%20Stress,200,25
100,6,/fibonacci?num=30,200,70
100,7,/reverse?text=Hello%20World%20Testing%20Stress,200,31
100,8,/isprime?num=15485863,400,53
100,9,/reverse?text=Hello%20World%20Testing%20Stress,200,23
100,10,/toupper?text=lowercase%20text,200,65
11,1,/reverse?text=Hello%20World%20Testing%20Stress,200,77
11,2,/random?min=1&max=1000,200,108
11,3,/reverse?text=Hello%20World%20Testing%20Stress,200,35
11,4,/createfile?name=stress_test.txt&content=StressData&repeat=10,200,72
11,5,/status,200,32
11,6,/isprime?num=15485863,400,36
11,7,/reverse?text=Hello%20World%20Testing%20Stress,200,36
11,8,/wordcount?name=test_text.txt,200,100
11,9,/hash?text=TestData123&algo=sha256,200,65
11,10,/isprime?num=15485863,400,36
12,1,/wordcount?name=test_text.txt,200,274
12,2,/timestamp,200,17
12,3,/pi?iterations=100000,400,46
12,4,/random?min=1&max=1000,200,21
12,5,/wordcount?name=test_text.txt,200,67
12,6,/hash?text=TestData123&algo=sha256,200,46
12,7,/isprime?num=15485863,400,50
12,8,/isprime?num=15485863,400,47
12,9,/reverse?text=Hello%20World%20Testing%20Stress,200,39
12,10,/random?min=1&max=1000,200,34
13,1,/isprime?num=15485863,400,114
13,2,/pi?iterations=100000,400,121
13,3,/fibonacci?num=30,200,21
13,4,/hash?text=TestData123&algo=sha256,200,34
13,5,/isprime?num=15485863,400,37
13,6,/status,200,40
13,7,/wordcount?name=test_text.txt,200,49
13,8,/status,200,43
13,9,/factor?num=123456789,400,38
13,10,/pi?iterations=100000,400,25
14,1,/fibonacci?num=30,200,344
14,2,/reverse?text=Hello%20World%20Testing%20Stress,200,17
14,3,/wordcount?name=test_text.txt,200,105
14,4,/hash?text=TestData123&algo=sha256,200,23
14,5,/fibonacci?num=30,200,35
14,6,/isprime?num=15485863,400,29
14,7,/hash?text=TestData123&algo=sha256,200,41
14,8,/hash?text=TestData123&algo=sha256,200,49
14,9,/status,200,40
14,10,/toupper?text=lowercase%20text,200,49
15,1,/status,200,251
15,2,/timestamp,200,23
15,3,/isprime?num=15485863,400,14
15,4,/toupper?text=lowercase%20text,200,45
15,5,/factor?num=123456789,400,57
15,6,/pi?iterations=100000,400,18
15,7,/fibonacci?num=30,200,38
15,8,/random?min=1&max=1000,200,20
15,9,/status,200,37
15,10,/isprime?num=15485863,400,18
16,1,/createfile?name=stress_test.txt&content=StressData&repeat=10,200,345
16,2,/status,200,20
16,3,/timestamp,200,55
16,4,/isprime?num=15485863,400,29
16,5,/pi?iterations=100000,400,42
16,6,/pi?iterations=100000,400,47
16,7,/timestamp,200,57
16,8,/random?min=1&max=1000,200,57
16,9,/hash?text=TestData123&algo=sha256,200,31
16,10,/reverse?text=Hello%20World%20Testing%20Stress,200,46
17,1,/hash?text=TestData123&algo=sha256,200,258
17,2,/hash?text=TestData123&algo=sha256,200,23
17,3,/wordcount?name=test_text.txt,200,57
17,4,/reverse?text=Hello%20World%20Testing%20Stress,200,17
17,5,/fibonacci?num=30,200,65
17,6,/toupper?text=lowercase%20text,200,29
17,7,/reverse?text=Hello%20World%20Testing%20Stress,200,57
17,8,/factor?num=123456789,400,46
17,9,/random?min=1&max=1000,200,22
17,10,/pi?iterations=100000,400,34
18,1,/status,200,194
18,2,/reverse?text=Hello%20World%20Testing%20Stress,200,18
18,3,/reverse?text=Hello%20World%20Testing%20Stress,200,34
18,4,/toupper?text=lowercase%20text,200,39
18,5,/random?min=1&max=1000,200,42
18,6,/reverse?text=Hello%20World%20Testing%20Stress,200,88
18,7,/timestamp,200,60
18,8,/factor?num=123456789,400,23
18,9,/status,200,27
18,10,/createfile?name=stress_test.txt&content=StressData&repeat=10,200,130
19,1,/timestamp,200,173
19,2,/pi?iterations=100000,400,28
19,3,/timestamp,200,30
19,4,/toupper?text=lowercase%20text,200,28
19,5,/fibonacci?num=30,200,38
19,6,/timestamp,200,88
19,7,/toupper?text=lowercase%20text,200,44
19,8,/isprime?num=15485863,400,44
19,9,/reverse?text=Hello%20World%20Testing%20Stress,200,21
19,10,/pi?iterations=100000,400,22
2,1,/toupper?text=lowercase%20text,200,88
2,2,/fibonacci?num=30,200,133
2,3,/fibonacci?num=30,200,16
2,4,/createfile?name=stress_test.txt&content=StressData&repeat=10,200,75
2,5,/pi?iterations=100000,400,34
2,6,/reverse?text=Hello%20World%20Testing%20Stress,200,65
2,7,/timestamp,200,57
2,8,/status,200,42
2,9,/isprime?num=15485863,400,72
2,10,/pi?iterations=100000,400,33
20,1,/pi?iterations=100000,400,85
20,2,/hash?text=TestData123&algo=sha256,200,110
20,3,/factor?num=123456789,400,26
20,4,/reverse?text=Hello%20World%20Testing%20Stress,200,36
20,5,/factor?num=123456789,400,29
20,6,/pi?iterations=100000,400,75
20,7,/wordcount?name=test_text.txt,200,112
20,8,/reverse?text=Hello%20World%20Testing%20Stress,200,80
20,9,/wordcount?name=test_text.txt,200,95
20,10,/wordcount?name=test_text.txt,200,55
21,1,/pi?iterations=100000,400,272
21,2,/createfile?name=stress_test.txt&content=StressData&repeat=10,200,35
21,3,/toupper?text=lowercase%20text,200,46
21,4,/timestamp,200,22
21,5,/status,200,53
21,6,/isprime?num=15485863,400,24
21,7,/fibonacci?num=30,200,50
21,8,/reverse?text=Hello%20World%20Testing%20Stress,200,29
21,9,/pi?iterations=100000,400,43
21,10,/reverse?text=Hello%20World%20Testing%20Stress,200,42
22,1,/status,200,54
22,2,/createfile?name=stress_test.txt&content=StressData&repeat=10,200,185
22,3,/random?min=1&max=1000,200,21
22,4,/createfile?name=stress_test.txt&content=StressData&repeat=10,200,55
22,5,/hash?text=TestData123&algo=sha256,200,37
22,6,/toupper?text=lowercase%20text,200,24
22,7,/wordcount?name=test_text.txt,200,105
22,8,/createfile?name=stress_test.txt&content=StressData&repeat=10,200,43
22,9,/wordcount?name=test_text.txt,200,54
22,10,/createfile?name=stress_test.txt&content=StressData&repeat=10,200,72
23,1,/createfile?name=stress_test.txt&content=StressData&repeat=10,200,171
23,2,/toupper?text=lowercase%20text,200,53
23,3,/wordcount?name=test_text.txt,200,57
23,4,/factor?num=123456789,400,17
23,5,/createfile?name=stress_test.txt&content=StressData&repeat=10,200,57
23,6,/pi?iterations=100000,400,49
23,7,/hash?text=TestData123&algo=sha256,200,50
23,8,/pi?iterations=100000,400,43
23,9,/factor?num=123456789,400,24
23,10,/fibonacci?num=30,200,35
24,1,/fibonacci?num=30,200,185
24,2,/pi?iterations=100000,400,52
24,3,/fibonacci?num=30,200,32
24,4,/timestamp,200,37
24,5,/factor?num=123456789,400,42
24,6,/fibonacci?num=30,200,48
24,7,/timestamp,200,46
24,8,/reverse?text=Hello%20World%20Testing%20Stress,200,43
24,9,/pi?iterations=100000,400,16
24,10,/reverse?text=Hello%20World%20Testing%20Stress,200,28
25,1,/random?min=1&max=1000,200,103
25,2,/wordcount?name=test_text.txt,200,127
25,3,/createfile?name=stress_test.txt&content=StressData&repeat=10,200,67
25,4,/factor?num=123456789,400,25
25,5,/factor?num=123456789,400,40
25,6,/hash?text=TestData123&algo=sha256,200,70
25,7,/createfile?name=stress_test.txt&content=StressData&repeat=10,200,71
25,8,/hash?text=TestData123&algo=sha256,200,46
25,9,/pi?iterations=100000,400,27
25,10,/hash?text=TestData123&algo=sha256,200,27
26,1,/random?min=1&max=1000,200,89
26,2,/isprime?num=15485863,400,123
26,3,/hash?text=TestData123&algo=sha256,200,41
26,4,/timestamp,200,62
26,5,/fibonacci?num=30,200,35
26,6,/reverse?text=Hello%20World%20Testing%20Stress,200,54
26,7,/pi?iterations=100000,400,40
26,8,/random?min=1&max=1000,200,96
26,9,/reverse?text=Hello%20World%20Testing%20Stress,200,53
26,10,/fibonacci?num=30,200,26
27,1,/hash?text=TestData123&algo=sha256,200,68
27,2,/wordcount?name=test_text.txt,200,114
27,3,/hash?text=TestData123&algo=sha256,200,23
27,4,/createfile?name=stress_test.txt&content=StressData&repeat=10,200,49
27,5,/toupper?text=lowercase%20text,200,36
27,6,/factor?num=123456789,400,46
27,7,/wordcount?name=test_text.txt,200,138
27,8,/timestamp,200,13
27,9,/random?min=1&max=1000,200,26
27,10,/random?min=1&max=1000,200,33
28,1,/wordcount?name=test_text.txt,200,345
28,2,/reverse?text=Hello%20World%20Testing%20Stress,200,21
28,3,/reverse?text=Hello%20World%20Testing%20Stress,200,41
28,4,/hash?text=TestData123&algo=sha256,200,65
28,5,/isprime?num=15485863,400,99
28,6,/toupper?text=lowercase%20text,200,66
28,7,/timestamp,200,41
28,8,/reverse?text=Hello%20World%20Testing%20Stress,200,28
28,9,/timestamp,200,30
28,10,/fibonacci?num=30,200,14
29,1,/status,200,116
29,2,/reverse?text=Hello%20World%20Testing%20Stress,200,73
29,3,/fibonacci?num=30,200,36
29,4,/timestamp,200,43
29,5,/random?min=1&max=1000,200,29
29,6,/hash?text=TestData123&algo=sha256,200,17
29,7,/hash?text=TestData123&algo=sha256,200,43
29,8,/status,200,43
29,9,/pi?iterations=100000,400,43
29,10,/pi?iterations=100000,400,33
3,1,/reverse?text=Hello%20World%20Testing%20Stress,200,34
3,2,/hash?text=TestData123&algo=sha256,200,171
3,3,/factor?num=123456789,400,23
3,4,/hash?text=TestData123&algo=sha256,200,98
3,5,/createfile?name=stress_test.txt&content=StressData&repeat=10,200,120
3,6,/status,200,48
3,7,/timestamp,200,34
3,8,/wordcount?name=test_text.txt,200,109
3,9,/factor?num=123456789,400,47
3,10,/timestamp,200,57
30,1,/factor?num=123456789,400,201
30,2,/isprime?num=15485863,400,31
30,3,/reverse?text=Hello%20World%20Testing%20Stress,200,24
30,4,/isprime?num=15485863,400,22
30,5,/pi?iterations=100000,400,98
30,6,/pi?iterations=100000,400,35
30,7,/createfile?name=stress_test.txt&content=StressData&repeat=10,200,116
30,8,/createfile?name=stress_test.txt&content=StressData&repeat=10,200,119
30,9,/random?min=1&max=1000,200,41
30,10,/status,200,59
31,1,/hash?text=TestData123&algo=sha256,200,321
31,2,/random?min=1&max=1000,200,31
31,3,/fibonacci?num=30,200,27
31,4,/timestamp,200,46
31,5,/status,200,57
31,6,/random?min=1&max=1000,200,34
31,7,/timestamp,200,47
31,8,/random?min=1&max=1000,200,66
31,9,/random?min=1&max=1000,200,41
31,10,/createfile?name=stress_test.txt&content=StressData&repeat=10,200,62
32,1,/createfile?name=stress_test.txt&content=StressData&repeat=10,200,271
32,2,/wordcount?name=test_text.txt,200,53
32,3,/timestamp,200,78
32,4,/wordcount?name=test_text.txt,200,125
32,5,/random?min=1&max=1000,200,55
32,6,/random?min=1&max=1000,200,82
32,7,/timestamp,200,32
32,8,/reverse?text=Hello%20World%20Testing%20Stress,200,16
32,9,/toupper?text=lowercase%20text,200,22
32,10,/fibonacci?num=30,200,15
33,1,/timestamp,200,145
33,2,/factor?num=123456789,400,18
33,3,/toupper?text=lowercase%20text,200,43
33,4,/status,200,16
33,5,/factor?num=123456789,400,39
33,6,/createfile?name=stress_test.txt&content=StressData&repeat=10,200,79
33,7,/pi?iterations=100000,400,77
33,8,/timestamp,200,28
33,9,/timestamp,200,49
33,10,/createfile?name=stress_test.txt&content=StressData&repeat=10,200,37
34,1,/factor?num=123456789,400,200
34,2,/isprime?num=15485863,400,23
34,3,/pi?iterations=100000,400,71
34,4,/reverse?text=Hello%20World%20Testing%20Stress,200,31
34,5,/fibonacci?num=30,200,33
34,6,/fibonacci?num=30,200,49
34,7,/fibonacci?num=30,200,91
34,8,/timestamp,200,29
34,9,/random?min=1&max=1000,200,25
34,10,/pi?iterations=100000,400,58
35,1,/fibonacci?num=30,200,286
35,2,/hash?text=TestData123&algo=sha256,200,37
35,3,/random?min=1&max=1000,200,23
35,4,/wordcount?name=test_text.txt,200,73
35,5,/factor?num=123456789,400,46
35,6,/reverse?text=Hello%20World%20Testing%20Stress,200,39
35,7,/toupper?text=lowercase%20text,200,42
35,8,/fibonacci?num=30,200,76
35,9,/pi?iterations=100000,400,27
35,10,/fibonacci?num=30,200,23
36,1,/pi?iterations=100000,400,142
36,2,/reverse?text=Hello%20World%20Testing%20Stress,200,22
36,3,/timestamp,200,17
36,4,/factor?num=123456789,400,37
36,5,/pi?iterations=100000,400,37
36,6,/toupper?text=lowercase%20text,200,40
36,7,/reverse?text=Hello%20World%20Testing%20Stress,200,64
36,8,/hash?text=TestData123&algo=sha256,200,49
36,9,/toupper?text=lowercase%20text,200,38
36,10,/wordcount?name=test_text.txt,200,36
37,1,/pi?iterations=100000,400,312
37,2,/createfile?name=stress_test.txt&content=StressData&repeat=10,200,48
37,3,/timestamp,200,21
37,4,/isprime?num=15485863,400,25
37,5,/createfile?name=stress_test.txt&content=StressData&repeat=10,200,88
37,6,/wordcount?name=test_text.txt,200,111
37,7,/random?min=1&max=1000,200,44
37,8,/isprime?num=15485863,400,24
37,9,/status,200,25
37,10,/status,200,26
38,1,/pi?iterations=100000,400,152
38,2,/hash?text=TestData123&algo=sha256,200,16
38,3,/pi?iterations=100000,400,18
38,4,/toupper?text=lowercase%20text,200,18
38,5,/createfile?name=stress_test.txt&content=StressData&repeat=10,200,53
38,6,/hash?text=TestData123&algo=sha256,200,51
38,7,/reverse?text=Hello%20World%20Testing%20Stress,200,27
38,8,/wordcount?name=test_text.txt,200,55
38,9,/isprime?num=15485863,400,25
38,10,/hash?text=TestData123&algo=sha256,200,16
39,1,/hash?text=TestData123&algo=sha256,200,217
39,2,/hash?text=TestData123&algo=sha256,200,15
39,3,/reverse?text=Hello%20World%20Testing%20Stress,200,29
39,4,/status,200,45
39,5,/hash?text=TestData123&algo=sha256,200,38
39,6,/createfile?name=stress_test.txt&content=StressData&repeat=10,200,76
39,7,/isprime?num=15485863,400,55
39,8,/timestamp,200,47
39,9,/factor?num=123456789,400,39
39,10,/toupper?text=lowercase%20text,200,26
4,1,/random?min=1&max=1000,200,223
4,2,/hash?text=TestData123&algo=sha256,200,22
4,3,/fibonacci?num=30,200,38
4,4,/createfile?name=stress_test.txt&content=StressData&repeat=10,200,70
4,5,/toupper?text=lowercase%20text,200,57
4,6,/factor?num=123456789,400,38
4,7,/fibonacci?num=30,200,27
4,8,/toupper?text=lowercase%20text,200,68
4,9,/factor?num=123456789,400,67
4,10,/createfile?name=stress_test.txt&content=StressData&repeat=10,200,41
40,1,/fibonacci?num=30,200,163
40,2,/pi?iterations=100000,400,26
40,3,/random?min=1&max=1000,200,29
40,4,/pi?iterations=100000,400,62
40,5,/fibonacci?num=30,200,55
40,6,/hash?text=TestData123&algo=sha256,200,28
40,7,/fibonacci?num=30,200,53
40,8,/reverse?text=Hello%20World%20Testing%20Stress,200,37
40,9,/factor?num=123456789,400,56
40,10,/toupper?text=lowercase%20text,200,38
41,1,/status,200,153
41,2,/wordcount?name=test_text.txt,200,32
41,3,/wordcount?name=test_text.txt,200,92
41,4,/toupper?text=lowercase%20text,200,130
41,5,/hash?text=TestData123&algo=sha256,200,28
41,6,/isprime?num=15485863,400,52
41,7,/factor?num=123456789,400,41
41,8,/reverse?text=Hello%20World%20Testing%20Stress,200,32
41,9,/wordcount?name=test_text.txt,200,80
41,10,/wordcount?name=test_text.txt,200,75
42,1,/status,200,113
42,2,/status,200,37
42,3,/wordcount?name=test_text.txt,200,46
42,4,/reverse?text=Hello%20World%20Testing%20Stress,200,48
42,5,/pi?iterations=100000,400,38
42,6,/wordcount?name=test_text.txt,200,91
42,7,/pi?iterations=100000,400,22
42,8,/isprime?num=15485863,400,31
42,9,/reverse?text=Hello%20World%20Testing%20Stress,200,33
42,10,/pi?iterations=100000,400,31
43,1,/reverse?text=Hello%20World%20Testing%20Stress,200,176
43,2,/fibonacci?num=30,200,18
43,3,/hash?text=TestData123&algo=sha256,200,47
43,4,/timestamp,200,19
43,5,/reverse?text=Hello%20World%20Testing%20Stress,200,48
43,6,/status,200,43
43,7,/fibonacci?num=30,200,39
43,8,/createfile?name=stress_test.txt&content=StressData&repeat=10,200,83
43,9,/fibonacci?num=30,200,21
43,10,/toupper?text=lowercase%20text,200,52
44,1,/toupper?text=lowercase%20text,200,221
44,2,/timestamp,200,25
44,3,/random?min=1&max=1000,200,43
44,4,/pi?iterations=100000,400,26
44,5,/factor?num=123456789,400,44
44,6,/factor?num=123456789,400,30
44,7,/toupper?text=lowercase%20text,200,56
44,8,/random?min=1&max=1000,200,40
44,9,/status,200,19
44,10,/wordcount?name=test_text.txt,200,80
45,1,/isprime?num=15485863,400,168
45,2,/wordcount?name=test_text.txt,200,37
45,3,/status,200,64
45,4,/isprime?num=15485863,400,45
45,5,/isprime?num=15485863,400,30
45,6,/wordcount?name=test_text.txt,200,87
45,7,/reverse?text=Hello%20World%20Testing%20Stress,200,29
45,8,/status,200,57
45,9,/toupper?text=lowercase%20text,200,60
45,10,/reverse?text=Hello%20World%20Testing%20Stress,200,24
46,1,/toupper?text=lowercase%20text,200,146
46,2,/pi?iterations=100000,400,22
46,3,/timestamp,200,35
46,4,/toupper?text=lowercase%20text,200,20
46,5,/isprime?num=15485863,400,25
46,6,/factor?num=123456789,400,42
46,7,/hash?text=TestData123&algo=sha256,200,60
46,8,/timestamp,200,54
46,9,/timestamp,200,32
46,10,/status,200,29
47,1,/hash?text=TestData123&algo=sha256,200,150
47,2,/factor?num=123456789,400,16
47,3,/hash?text=TestData123&algo=sha256,200,27
47,4,/isprime?num=15485863,400,48
47,5,/createfile?name=stress_test.txt&content=StressData&repeat=10,200,85
47,6,/fibonacci?num=30,200,65
47,7,/hash?text=TestData123&algo=sha256,200,26
47,8,/wordcount?name=test_text.txt,200,49
47,9,/createfile?name=stress_test.txt&content=StressData&repeat=10,200,78
47,10,/factor?num=123456789,400,35
48,1,/isprime?num=15485863,400,118
48,2,/status,200,78
48,3,/pi?iterations=100000,400,31
48,4,/createfile?name=stress_test.txt&content=StressData&repeat=10,200,50
48,5,/wordcount?name=test_text.txt,200,69
48,6,/wordcount?name=test_text.txt,200,59
48,7,/wordcount?name=test_text.txt,200,84
48,8,/isprime?num=15485863,400,39
48,9,/hash?text=TestData123&algo=sha256,200,23
48,10,/wordcount?name=test_text.txt,200,68
49,1,/random?min=1&max=1000,200,109
49,2,/wordcount?name=test_text.txt,200,90
49,3,/status,200,25
49,4,/wordcount?name=test_text.txt,200,90
49,5,/fibonacci?num=30,200,33
49,6,/wordcount?name=test_text.txt,200,91
49,7,/pi?iterations=100000,400,42
49,8,/hash?text=TestData123&algo=sha256,200,23
49,9,/wordcount?name=test_text.txt,200,61
49,10,/timestamp,200,45
5,1,/fibonacci?num=30,200,48
5,2,/createfile?name=stress_test.txt&content=StressData&repeat=10,200,222
5,3,/createfile?name=stress_test.txt&content=StressData&repeat=10,200,58
5,4,/factor?num=123456789,400,34
5,5,/status,200,33
5,6,/status,200,47
5,7,/reverse?text=Hello%20World%20Testing%20Stress,200,51
5,8,/toupper?text=lowercase%20text,200,47
5,9,/random?min=1&max=1000,200,27
5,10,/pi?iterations=100000,400,14
50,1,/isprime?num=15485863,400,103
50,2,/hash?text=TestData123&algo=sha256,200,79
50,3,/createfile?name=stress_test.txt&content=StressData&repeat=10,200,24
50,4,/random?min=1&max=1000,200,31
50,5,/pi?iterations=100000,400,33
50,6,/random?min=1&max=1000,200,33
50,7,/wordcount?name=test_text.txt,200,117
50,8,/isprime?num=15485863,400,30
50,9,/hash?text=TestData123&algo=sha256,200,37
50,10,/wordcount?name=test_text.txt,200,70
51,1,/pi?iterations=100000,400,154
51,2,/random?min=1&max=1000,200,14
51,3,/toupper?text=lowercase%20text,200,28
51,4,/reverse?text=Hello%20World%20Testing%20Stress,200,48
51,5,/random?min=1&max=1000,200,55
51,6,/hash?text=TestData123&algo=sha256,200,49
51,7,/isprime?num=15485863,400,39
51,8,/factor?num=123456789,400,31
51,9,/pi?iterations=100000,400,40
51,10,/status,200,45
52,1,/factor?num=123456789,400,254
52,2,/isprime?num=15485863,400,17
52,3,/wordcount?name=test_text.txt,200,90
52,4,/status,200,34
52,5,/hash?text=TestData123&algo=sha256,200,41
52,6,/status,200,41
52,7,/pi?iterations=100000,400,54
52,8,/pi?iterations=100000,400,54
52,9,/toupper?text=lowercase%20text,200,25
52,10,/hash?text=TestData123&algo=sha256,200,47
53,1,/toupper?text=lowercase%20text,200,168
53,2,/toupper?text=lowercase%20text,200,23
53,3,/wordcount?name=test_text.txt,200,33
53,4,/status,200,34
53,5,/reverse?text=Hello%20World%20Testing%20Stress,200,21
53,6,/status,200,44
53,7,/factor?num=123456789,400,53
53,8,/hash?text=TestData123&algo=sha256,200,29
53,9,/factor?num=123456789,400,20
53,10,/pi?iterations=100000,400,20
54,1,/wordcount?name=test_text.txt,200,316
54,2,/factor?num=123456789,400,21
54,3,/status,200,28
54,4,/createfile?name=stress_test.txt&content=StressData&repeat=10,200,91
54,5,/random?min=1&max=1000,200,80
54,6,/random?min=1&max=1000,200,88
54,7,/wordcount?name=test_text.txt,200,37
54,8,/timestamp,200,21
54,9,/reverse?text=Hello%20World%20Testing%20Stress,200,21
54,10,/isprime?num=15485863,400,23
55,1,/isprime?num=15485863,400,215
55,2,/hash?text=TestData123&algo=sha256,200,19
55,3,/pi?iterations=100000,400,20
55,4,/toupper?text=lowercase%20text,200,51
55,5,/toupper?text=lowercase%20text,200,45
55,6,/reverse?text=Hello%20World%20Testing%20Stress,200,58
55,7,/hash?text=TestData123&algo=sha256,200,75
55,8,/timestamp,200,51
55,9,/toupper?text=lowercase%20text,200,53
55,10,/hash?text=TestData123&algo=sha256,200,28
56,1,/fibonacci?num=30,200,217
56,2,/pi?iterations=100000,400,20
56,3,/status,200,51
56,4,/reverse?text=Hello%20World%20Testing%20Stress,200,28
56,5,/hash?text=TestData123&algo=sha256,200,34
56,6,/timestamp,200,32
56,7,/status,200,25
56,8,/timestamp,200,54
56,9,/createfile?name=stress_test.txt&content=StressData&repeat=10,200,68
56,10,/factor?num=123456789,400,19
57,1,/wordcount?name=test_text.txt,200,257
57,2,/hash?text=TestData123&algo=sha256,200,20
57,3,/fibonacci?num=30,200,31
57,4,/isprime?num=15485863,400,32
57,5,/fibonacci?num=30,200,45
57,6,/toupper?text=lowercase%20text,200,45
57,7,/pi?iterations=100000,400,51
57,8,/factor?num=123456789,400,72
57,9,/status,200,49
57,10,/wordcount?name=test_text.txt,200,55
58,1,/random?min=1&max=1000,200,177
58,2,/factor?num=123456789,400,30
58,3,/hash?text=TestData123&algo=sha256,200,21
58,4,/factor?num=123456789,400,34
58,5,/hash?text=TestData123&algo=sha256,200,41
58,6,/toupper?text=lowercase%20text,200,49
58,7,/reverse?text=Hello%20World%20Testing%20Stress,200,65
58,8,/createfile?name=stress_test.txt&content=StressData&repeat=10,200,107
58,9,/fibonacci?num=30,200,35
58,10,/wordcount?name=test_text.txt,200,74
59,1,/timestamp,200,176
59,2,/status,200,17
59,3,/createfile?name=stress_test.txt&content=StressData&repeat=10,200,52
59,4,/fibonacci?num=30,200,56
59,5,/createfile?name=stress_test.txt&content=StressData&repeat=10,200,58
59,6,/hash?text=TestData123&algo=sha256,200,50
59,7,/toupper?text=lowercase%20text,200,58
59,8,/pi?iterations=100000,400,25
59,9,/createfile?name=stress_test.txt&content=StressData&repeat=10,200,46
59,10,/toupper?text=lowercase%20text,200,22
6,1,/status,200,109
6,2,/reverse?text=Hello%20World%20Testing%20Stress,200,120
6,3,/factor?num=123456789,400,22
6,4,/createfile?name=stress_test.txt&content=StressData&repeat=10,200,55
6,5,/random?min=1&max=1000,200,37
6,6,/wordcount?name=test_text.txt,200,119
6,7,/reverse?text=Hello%20World%20Testing%20Stress,200,31
6,8,/reverse?text=Hello%20World%20Testing%20Stress,200,33
6,9,/timestamp,200,17
6,10,/reverse?text=Hello%20World%20Testing%20Stress,200,34
60,1,/random?min=1&max=1000,200,155
60,2,/createfile?name=stress_test.txt&content=StressData&repeat=10,200,31
60,3,/toupper?text=lowercase%20text,200,25
60,4,/status,200,41
60,5,/wordcount?name=test_text.txt,200,79
60,6,/createfile?name=stress_test.txt&content=StressData&repeat=10,200,74
60,7,/createfile?name=stress_test.txt&content=StressData&repeat=10,200,89
60,8,/wordcount?name=test_text.txt,200,82
60,9,/pi?iterations=100000,400,38
60,10,/hash?text=TestData123&algo=sha256,200,28
61,1,/fibonacci?num=30,200,212
61,2,/status,200,28
61,3,/wordcount?name=test_text.txt,200,58
61,4,/fibonacci?num=30,200,34
61,5,/hash?text=TestData123&algo=sha256,200,97
61,6,/fibonacci?num=30,200,33
61,7,/wordcount?name=test_text.txt,200,69
61,8,/random?min=1&max=1000,200,60
61,9,/createfile?name=stress_test.txt&content=StressData&repeat=10,200,99
61,10,/timestamp,200,43
62,1,/pi?iterations=100000,400,176
62,2,/fibonacci?num=30,200,13
62,3,/random?min=1&max=1000,200,33
62,4,/toupper?text=lowercase%20text,200,55
62,5,/random?min=1&max=1000,200,54
62,6,/status,200,61
62,7,/factor?num=123456789,400,27
62,8,/wordcount?name=test_text.txt,200,50
62,9,/reverse?text=Hello%20World%20Testing%20Stress,200,24
62,10,/toupper?text=lowercase%20text,200,44
63,1,/createfile?name=stress_test.txt&content=StressData&repeat=10,200,241
63,2,/fibonacci?num=30,200,26
63,3,/toupper?text=lowercase%20text,200,43
63,4,/toupper?text=lowercase%20text,200,48
63,5,/pi?iterations=100000,400,61
63,6,/createfile?name=stress_test.txt&content=StressData&repeat=10,200,72
63,7,/wordcount?name=test_text.txt,200,83
63,8,/toupper?text=lowercase%20text,200,52
63,9,/pi?iterations=100000,400,45
63,10,/status,200,21
64,1,/wordcount?name=test_text.txt,200,292
64,2,/wordcount?name=test_text.txt,200,44
64,3,/isprime?num=15485863,400,35
64,4,/wordcount?name=test_text.txt,200,75
64,5,/hash?text=TestData123&algo=sha256,200,62
64,6,/createfile?name=stress_test.txt&content=StressData&repeat=10,200,66
64,7,/pi?iterations=100000,400,35
64,8,/factor?num=123456789,400,33
64,9,/factor?num=123456789,400,45
64,10,/fibonacci?num=30,200,21
65,1,/wordcount?name=test_text.txt,200,252
65,2,/wordcount?name=test_text.txt,200,54
65,3,/random?min=1&max=1000,200,47
65,4,/createfile?name=stress_test.txt&content=StressData&repeat=10,200,102
65,5,/pi?iterations=100000,400,39
65,6,/factor?num=123456789,400,62
65,7,/timestamp,200,82
65,8,/fibonacci?num=30,200,41
65,9,/reverse?text=Hello%20World%20Testing%20Stress,200,18
65,10,/wordcount?name=test_text.txt,200,41
66,1,/random?min=1&max=1000,200,152
66,2,/createfile?name=stress_test.txt&content=StressData&repeat=10,200,36
66,3,/isprime?num=15485863,400,20
66,4,/random?min=1&max=1000,200,34
66,5,/hash?text=TestData123&algo=sha256,200,32
66,6,/timestamp,200,37
66,7,/wordcount?name=test_text.txt,200,89
66,8,/pi?iterations=100000,400,60
66,9,/createfile?name=stress_test.txt&content=StressData&repeat=10,200,64
66,10,/fibonacci?num=30,200,22
67,1,/status,200,75
67,2,/toupper?text=lowercase%20text,200,24
67,3,/wordcount?name=test_text.txt,200,51
67,4,/hash?text=TestData123&algo=sha256,200,69
67,5,/wordcount?name=test_text.txt,200,64
67,6,/reverse?text=Hello%20World%20Testing%20Stress,200,69
67,7,/reverse?text=Hello%20World%20Testing%20Stress,200,49
67,8,/pi?iterations=100000,400,37
67,9,/status,200,19
67,10,/wordcount?name=test_text.txt,200,69
68,1,/createfile?name=stress_test.txt&content=StressData&repeat=10,200,231
68,2,/fibonacci?num=30,200,27
68,3,/isprime?num=15485863,400,49
68,4,/reverse?text=Hello%20World%20Testing%20Stress,200,28
68,5,/toupper?text=lowercase%20text,200,19
68,6,/status,200,38
68,7,/factor?num=123456789,400,87
68,8,/pi?iterations=100000,400,59
68,9,/hash?text=TestData123&algo=sha256,200,26
68,10,/isprime?num=15485863,400,28
69,1,/fibonacci?num=30,200,190
69,2,/status,200,21
69,3,/isprime?num=15485863,400,38
69,4,/factor?num=123456789,400,47
69,5,/isprime?num=15485863,400,56
69,6,/fibonacci?num=30,200,46
69,7,/createfile?name=stress_test.txt&content=StressData&repeat=10,200,94
69,8,/wordcount?name=test_text.txt,200,78
69,9,/createfile?name=stress_test.txt&content=StressData&repeat=10,200,62
69,10,/reverse?text=Hello%20World%20Testing%20Stress,200,34
7,1,/random?min=1&max=1000,200,32
7,2,/factor?num=123456789,400,145
7,3,/isprime?num=15485863,400,16
7,4,/timestamp,200,68
7,5,/pi?iterations=100000,400,55
7,6,/status,200,30
7,7,/wordcount?name=test_text.txt,200,47
7,8,/random?min=1&max=1000,200,51
7,9,/hash?text=TestData123&algo=sha256,200,19
7,10,/pi?iterations=100000,400,21
70,1,/isprime?num=15485863,400,174
70,2,/pi?iterations=100000,400,18
70,3,/timestamp,200,59
70,4,/factor?num=123456789,400,21
70,5,/status,200,43
70,6,/factor?num=123456789,400,44
70,7,/reverse?text=Hello%20World%20Testing%20Stress,200,43
70,8,/status,200,38
70,9,/factor?num=123456789,400,24
70,10,/status,200,35
71,1,/wordcount?name=test_text.txt,200,263
71,2,/status,200,18
71,3,/toupper?text=lowercase%20text,200,32
71,4,/random?min=1&max=1000,200,69
71,5,/isprime?num=15485863,400,62
71,6,/fibonacci?num=30,200,58
71,7,/isprime?num=15485863,400,41
71,8,/pi?iterations=100000,400,35
71,9,/wordcount?name=test_text.txt,200,52
71,10,/createfile?name=stress_test.txt&content=StressData&repeat=10,200,101
72,1,/createfile?name=stress_test.txt&content=StressData&repeat=10,200,283
72,2,/fibonacci?num=30,200,24
72,3,/status,200,45
72,4,/reverse?text=Hello%20World%20Testing%20Stress,200,39
72,5,/status,200,33
72,6,/createfile?name=stress_test.txt&content=StressData&repeat=10,200,87
72,7,/toupper?text=lowercase%20text,200,42
72,8,/wordcount?name=test_text.txt,200,56
72,9,/toupper?text=lowercase%20text,200,18
72,10,/isprime?num=15485863,400,33
73,1,/createfile?name=stress_test.txt&content=StressData&repeat=10,200,228
73,2,/toupper?text=lowercase%20text,200,29
73,3,/random?min=1&max=1000,200,33
73,4,/reverse?text=Hello%20World%20Testing%20Stress,200,32
73,5,/fibonacci?num=30,200,42
73,6,/pi?iterations=100000,400,70
73,7,/reverse?text=Hello%20World%20Testing%20Stress,200,85
73,8,/random?min=1&max=1000,200,43
73,9,/factor?num=123456789,400,41
73,10,/wordcount?name=test_text.txt,200,59
74,1,/wordcount?name=test_text.txt,200,262
74,2,/isprime?num=15485863,400,17
74,3,/factor?num=123456789,400,24
74,4,/factor?num=123456789,400,23
74,5,/random?min=1&max=1000,200,24
74,6,/random?min=1&max=1000,200,49
74,7,/isprime?num=15485863,400,43
74,8,/fibonacci?num=30,200,43
74,9,/pi?iterations=100000,400,21
74,10,/isprime?num=15485863,400,56
75,1,/fibonacci?num=30,200,194
75,2,/status,200,17
75,3,/random?min=1&max=1000,200,77
75,4,/random?min=1&max=1000,200,66
75,5,/wordcount?name=test_text.txt,200,64
75,6,/random?min=1&max=1000,200,31
75,7,/factor?num=123456789,400,49
75,8,/fibonacci?num=30,200,35
75,9,/wordcount?name=test_text.txt,200,94
75,10,/timestamp,200,23
76,1,/isprime?num=15485863,400,185
76,2,/status,200,18
76,3,/status,200,70
76,4,/hash?text=TestData123&algo=sha256,200,19
76,5,/toupper?text=lowercase%20text,200,27
76,6,/reverse?text=Hello%20World%20Testing%20Stress,200,47
76,7,/factor?num=123456789,400,50
76,8,/hash?text=TestData123&algo=sha256,200,42
76,9,/createfile?name=stress_test.txt&content=StressData&repeat=10,200,48
76,10,/wordcount?name=test_text.txt,200,89
77,1,/factor?num=123456789,400,177
77,2,/isprime?num=15485863,400,41
77,3,/isprime?num=15485863,400,34
77,4,/hash?text=TestData123&algo=sha256,200,36
77,5,/status,200,18
77,6,/reverse?text=Hello%20World%20Testing%20Stress,200,57
77,7,/fibonacci?num=30,200,41
77,8,/createfile?name=stress_test.txt&content=StressData&repeat=10,200,74
77,9,/reverse?text=Hello%20World%20Testing%20Stress,200,39
77,10,/isprime?num=15485863,400,64
78,1,/isprime?num=15485863,400,88
78,2,/timestamp,200,18
78,3,/pi?iterations=100000,400,50
78,4,/isprime?num=15485863,400,39
78,5,/factor?num=123456789,400,44
78,6,/pi?iterations=100000,400,31
78,7,/fibonacci?num=30,200,50
78,8,/isprime?num=15485863,400,63
78,9,/wordcount?name=test_text.txt,200,96
78,10,/toupper?text=lowercase%20text,200,34
79,1,/pi?iterations=100000,400,31
79,2,/toupper?text=lowercase%20text,200,19
79,3,/toupper?text=lowercase%20text,200,40
79,4,/reverse?text=Hello%20World%20Testing%20Stress,200,48
79,5,/reverse?text=Hello%20World%20Testing%20Stress,200,68
79,6,/timestamp,200,64
79,7,/timestamp,200,34
79,8,/reverse?text=Hello%20World%20Testing%20Stress,200,43
79,9,/hash?text=TestData123&algo=sha256,200,20
79,10,/createfile?name=stress_test.txt&content=StressData&repeat=10,200,51
8,1,/toupper?text=lowercase%20text,200,142
8,2,/toupper?text=lowercase%20text,200,50
8,3,/toupper?text=lowercase%20text,200,28
8,4,/fibonacci?num=30,200,32
8,5,/random?min=1&max=1000,200,31
8,6,/reverse?text=Hello%20World%20Testing%20Stress,200,45
8,7,/toupper?text=lowercase%20text,200,53
8,8,/random?min=1&max=1000,200,68
8,9,/createfile?name=stress_test.txt&content=StressData&repeat=10,200,49
8,10,/toupper?text=lowercase%20text,200,22
80,1,/hash?text=TestData123&algo=sha256,200,199
80,2,/hash?text=TestData123&algo=sha256,200,22
80,3,/status,200,48
80,4,/random?min=1&max=1000,200,39
80,5,/random?min=1&max=1000,200,61
80,6,/reverse?text=Hello%20World%20Testing%20Stress,200,42
80,7,/status,200,64
80,8,/factor?num=123456789,400,77
80,9,/isprime?num=15485863,400,23
80,10,/status,200,37
81,1,/factor?num=123456789,400,191
81,2,/pi?iterations=100000,400,23
81,3,/status,200,34
81,4,/wordcount?name=test_text.txt,200,96
81,5,/timestamp,200,49
81,6,/fibonacci?num=30,200,93
81,7,/random?min=1&max=1000,200,43
81,8,/reverse?text=Hello%20World%20Testing%20Stress,200,39
81,9,/pi?iterations=100000,400,46
81,10,/factor?num=123456789,400,12
82,1,/wordcount?name=test_text.txt,200,109
82,2,/isprime?num=15485863,400,26
82,3,/fibonacci?num=30,200,42
82,4,/createfile?name=stress_test.txt&content=StressData&repeat=10,200,81
82,5,/wordcount?name=test_text.txt,200,79
82,6,/pi?iterations=100000,400,34
82,7,/wordcount?name=test_text.txt,200,36
82,8,/random?min=1&max=1000,200,18
82,9,/reverse?text=Hello%20World%20Testing%20Stress,200,37
82,10,/factor?num=123456789,400,15
83,1,/fibonacci?num=30,200,96
83,2,/hash?text=TestData123&algo=sha256,200,20
83,3,/pi?iterations=100000,400,51
83,4,/toupper?text=lowercase%20text,200,34
83,5,/toupper?text=lowercase%20text,200,32
83,6,/timestamp,200,39
83,7,/hash?text=TestData123&algo=sha256,200,27
83,8,/createfile?name=stress_test.txt&content=StressData&repeat=10,200,47
83,9,/status,200,27
83,10,/wordcount?name=test_text.txt,200,106
84,1,/random?min=1&max=1000,200,130
84,2,/factor?num=123456789,400,36
84,3,/toupper?text=lowercase%20text,200,27
84,4,/random?min=1&max=1000,200,27
84,5,/status,200,38
84,6,/timestamp,200,66
84,7,/toupper?text=lowercase%20text,200,55
84,8,/wordcount?name=test_text.txt,200,56
84,9,/timestamp,200,22
84,10,/fibonacci?num=30,200,43
85,1,/fibonacci?num=30,200,159
85,2,/hash?text=TestData123&algo=sha256,200,23
85,3,/pi?iterations=100000,400,66
85,4,/status,200,21
85,5,/isprime?num=15485863,400,37
85,6,/random?min=1&max=1000,200,67
85,7,/fibonacci?num=30,200,38
85,8,/pi?iterations=100000,400,61
85,9,/createfile?name=stress_test.txt&content=StressData&repeat=10,200,78
85,10,/hash?text=TestData123&algo=sha256,200,21
86,1,/wordcount?name=test_text.txt,200,160
86,2,/fibonacci?num=30,200,29
86,3,/timestamp,200,28
86,4,/isprime?num=15485863,400,52
86,5,/factor?num=123456789,400,44
86,6,/createfile?name=stress_test.txt&content=StressData&repeat=10,200,95
86,7,/isprime?num=15485863,400,21
86,8,/isprime?num=15485863,400,30
86,9,/hash?text=TestData123&algo=sha256,200,17
86,10,/timestamp,200,23
87,1,/pi?iterations=100000,400,142
87,2,/toupper?text=lowercase%20text,200,17
87,3,/hash?text=TestData123&algo=sha256,200,60
87,4,/hash?text=TestData123&algo=sha256,200,18
87,5,/hash?text=TestData123&algo=sha256,200,33
87,6,/pi?iterations=100000,400,32
87,7,/fibonacci?num=30,200,33
87,8,/createfile?name=stress_test.txt&content=StressData&repeat=10,200,35
87,9,/toupper?text=lowercase%20text,200,30
87,10,/status,200,66
88,1,/pi?iterations=100000,400,137
88,2,/createfile?name=stress_test.txt&content=StressData&repeat=10,200,31
88,3,/wordcount?name=test_text.txt,200,87
88,4,/toupper?text=lowercase%20text,200,50
88,5,/isprime?num=15485863,400,43
88,6,/fibonacci?num=30,200,53
88,7,/isprime?num=15485863,400,32
88,8,/toupper?text=lowercase%20text,200,55
88,9,/status,200,33
88,10,/hash?text=TestData123&algo=sha256,200,17
89,1,/factor?num=123456789,400,158
89,2,/hash?text=TestData123&algo=sha256,200,28
89,3,/wordcount?name=test_text.txt,200,89
89,4,/factor?num=123456789,400,23
89,5,/pi?iterations=100000,400,39
89,6,/createfile?name=stress_test.txt&content=StressData&repeat=10,200,129
89,7,/hash?text=TestData123&algo=sha256,200,62
89,8,/pi?iterations=100000,400,37
89,9,/timestamp,200,34
89,10,/fibonacci?num=30,200,17
9,1,/random?min=1&max=1000,200,102
9,2,/fibonacci?num=30,200,128
9,3,/reverse?text=Hello%20World%20Testing%20Stress,200,21
9,4,/createfile?name=stress_test.txt&content=StressData&repeat=10,200,66
9,5,/status,200,31
9,6,/wordcount?name=test_text.txt,200,71
9,7,/reverse?text=Hello%20World%20Testing%20Stress,200,42
9,8,/pi?iterations=100000,400,86
9,9,/reverse?text=Hello%20World%20Testing%20Stress,200,24
9,10,/status,200,33
90,1,/status,200,147
90,2,/createfile?name=stress_test.txt&content=StressData&repeat=10,200,89
90,3,/pi?iterations=100000,400,46
90,4,/status,200,34
90,5,/createfile?name=stress_test.txt&content=StressData&repeat=10,200,101
90,6,/reverse?text=Hello%20World%20Testing%20Stress,200,45
90,7,/toupper?text=lowercase%20text,200,84
90,8,/random?min=1&max=1000,200,67
90,9,/hash?text=TestData123&algo=sha256,200,36
90,10,/random?min=1&max=1000,200,32
91,1,/pi?iterations=100000,400,209
91,2,/timestamp,200,35
91,3,/wordcount?name=test_text.txt,200,62
91,4,/pi?iterations=100000,400,53
91,5,/isprime?num=15485863,400,53
91,6,/fibonacci?num=30,200,61
91,7,/timestamp,200,35
91,8,/reverse?text=Hello%20World%20Testing%20Stress,200,29
91,9,/status,200,21
91,10,/createfile?name=stress_test.txt&content=StressData&repeat=10,200,52
92,1,/status,200,64
92,2,/random?min=1&max=1000,200,33
92,3,/wordcount?name=test_text.txt,200,59
92,4,/factor?num=123456789,400,33
92,5,/factor?num=123456789,400,43
92,6,/pi?iterations=100000,400,81
92,7,/reverse?text=Hello%20World%20Testing%20Stress,200,52
92,8,/toupper?text=lowercase%20text,200,31
92,9,/timestamp,200,27
92,10,/timestamp,200,24
93,1,/toupper?text=lowercase%20text,200,171
93,2,/wordcount?name=test_text.txt,200,25
93,3,/reverse?text=Hello%20World%20Testing%20Stress,200,28
93,4,/toupper?text=lowercase%20text,200,43
93,5,/toupper?text=lowercase%20text,200,45
93,6,/reverse?text=Hello%20World%20Testing%20Stress,200,41
93,7,/createfile?name=stress_test.txt&content=StressData&repeat=10,200,71
93,8,/fibonacci?num=30,200,46
93,9,/timestamp,200,37
93,10,/wordcount?name=test_text.txt,200,77
94,1,/status,200,83
94,2,/timestamp,200,16
94,3,/hash?text=TestData123&algo=sha256,200,25
94,4,/timestamp,200,19
94,5,/timestamp,200,56
94,6,/fibonacci?num=30,200,44
94,7,/timestamp,200,50
94,8,/status,200,55
94,9,/fibonacci?num=30,200,14
94,10,/hash?text=TestData123&algo=sha256,200,56
95,1,/random?min=1&max=1000,200,169
95,2,/wordcount?name=test_text.txt,200,40
95,3,/factor?num=123456789,400,40
95,4,/isprime?num=15485863,400,48
95,5,/isprime?num=15485863,400,55
95,6,/pi?iterations=100000,400,39
95,7,/factor?num=123456789,400,53
95,8,/pi?iterations=100000,400,48
95,9,/toupper?text=lowercase%20text,200,39
95,10,/createfile?name=stress_test.txt&content=StressData&repeat=10,200,91
96,1,/reverse?text=Hello%20World%20Testing%20Stress,200,139
96,2,/random?min=1&max=1000,200,24
96,3,/pi?iterations=100000,400,24
96,4,/hash?text=TestData123&algo=sha256,200,24
96,5,/hash?text=TestData123&algo=sha256,200,40
96,6,/factor?num=123456789,400,66
96,7,/fibonacci?num=30,200,71
96,8,/status,200,86
96,9,/timestamp,200,27
96,10,/toupper?text=lowercase%20text,200,35
97,1,/timestamp,200,138
97,2,/hash?text=TestData123&algo=sha256,200,24
97,3,/fibonacci?num=30,200,26
97,4,/toupper?text=lowercase%20text,200,41
97,5,/factor?num=123456789,400,19
97,6,/wordcount?name=test_text.txt,200,52
97,7,/timestamp,200,63
97,8,/isprime?num=15485863,400,36
97,9,/timestamp,200,30
97,10,/pi?iterations=100000,400,35
98,1,/isprime?num=15485863,400,216
98,2,/random?min=1&max=1000,200,36
98,3,/fibonacci?num=30,200,34
98,4,/pi?iterations=100000,400,56
98,5,/fibonacci?num=30,200,47
98,6,/isprime?num=15485863,400,71
98,7,/fibonacci?num=30,200,31
98,8,/status,200,47
98,9,/status,200,17
98,10,/pi?iterations=100000,400,22
99,1,/status,200,114
99,2,/isprime?num=15485863,400,23
99,3,/pi?iterations=100000,400,30
99,4,/toupper?text=lowercase%20text,200,35
99,5,/factor?num=123456789,400,41
99,6,/status,200,30
99,7,/status,200,51
99,8,/random?min=1&max=1000,200,53
99,9,/toupper?text=lowercase%20text,200,40
99,10,/hash?text=TestData123&algo=sha256,200,36
