1,1,/reverse?text=HelloWorld,200,108
1,2,/help,200,24
1,3,/hash?text=TestData123&algo=sha256,200,55
1,4,/status,200,89
1,5,/timestamp,200,76
1,6,/hash?text=TestData123&algo=sha256,200,33
1,7,/toupper?text=lowercase,200,66
1,8,/reverse?text=HelloWorld,200,71
1,9,/toupper?text=lowercase,200,51
1,10,/timestamp,200,34
10,1,/random?min=1&max=100,200,39
10,2,/random?min=1&max=1000,200,37
10,3,/hash?text=TestData123&algo=sha256,200,51
10,4,/hash?text=TestData123&algo=sha256,200,52
10,5,/random?min=1&max=1000,200,88
10,6,/help,200,58
10,7,/timestamp,200,53
10,8,/fibonacci?num=30,200,127
10,9,/toupper?text=testing,200,54
10,10,/hash?text=TestData123&algo=sha256,200,50
11,1,/fibonacci?num=20,200,92
11,2,/reverse?text=HelloWorld,200,16
11,3,/toupper?text=testing,200,63
11,4,/fibonacci?num=25,200,82
11,5,/toupper?text=testing,200,53
11,6,/reverse?text=StressTest,200,73
11,7,/timestamp,200,72
11,8,/status,200,80
11,9,/help,200,45
11,10,/fibonacci?num=25,200,26
12,1,/toupper?text=lowercase,200,78
12,2,/fibonacci?num=25,200,30
12,3,/help,200,74
12,4,/fibonacci?num=25,200,55
12,5,/reverse?text=StressTest,200,78
12,6,/toupper?text=lowercase,200,59
12,7,/random?min=1&max=1000,200,71
12,8,/timestamp,200,58
12,9,/random?min=1&max=1000,200,54
12,10,/status,200,17
13,1,/fibonacci?num=20,200,93
13,2,/fibonacci?num=25,200,23
13,3,/timestamp,200,71
13,4,/fibonacci?num=20,200,64
13,5,/timestamp,200,50
13,6,/reverse?text=HelloWorld,200,51
13,7,/reverse?text=StressTest,200,91
13,8,/fibonacci?num=30,200,53
13,9,/status,200,98
13,10,/reverse?text=HelloWorld,200,27
14,1,/toupper?text=lowercase,200,56
14,2,/fibonacci?num=20,200,30
14,3,/timestamp,200,40
14,4,/fibonacci?num=30,200,68
14,5,/reverse?text=StressTest,200,107
14,6,/status,200,93
14,7,/hash?text=TestData123&algo=sha256,200,83
14,8,/hash?text=TestData123&algo=sha256,200,56
14,9,/status,200,53
14,10,/random?min=1&max=100,200,26
15,1,/random?min=1&max=1000,200,74
15,2,/timestamp,200,34
15,3,/random?min=1&max=100,200,38
15,4,/random?min=1&max=100,200,79
15,5,/status,200,39
15,6,/fibonacci?num=30,200,62
15,7,/hash?text=TestData123&algo=sha256,200,54
15,8,/timestamp,200,84
15,9,/timestamp,200,78
15,10,/status,200,54
16,1,/random?min=1&max=100,200,88
16,2,/timestamp,200,18
16,3,/help,200,64
16,4,/fibonacci?num=25,200,57
16,5,/toupper?text=lowercase,200,53
16,6,/reverse?text=HelloWorld,200,73
16,7,/toupper?text=lowercase,200,70
16,8,/random?min=1&max=1000,200,67
16,9,/hash?text=TestData123&algo=sha256,200,43
16,10,/timestamp,200,51
17,1,/status,200,98
17,2,/fibonacci?num=30,200,43
17,3,/random?min=1&max=100,200,52
17,4,/fibonacci?num=30,200,81
17,5,/fibonacci?num=20,200,71
17,6,/status,200,44
17,7,/random?min=1&max=1000,200,40
17,8,/hash?text=TestData123&algo=sha256,200,68
17,9,/random?min=1&max=100,200,47
17,10,/fibonacci?num=20,200,58
18,1,/random?min=1&max=1000,200,86
18,2,/status,200,25
18,3,/timestamp,200,65
18,4,/timestamp,200,55
18,5,/hash?text=TestData123&algo=sha256,200,70
18,6,/reverse?text=StressTest,200,75
18,7,/help,200,52
18,8,/status,200,54
18,9,/timestamp,200,38
18,10,/fibonacci?num=25,200,37
19,1,/toupper?text=testing,200,62
19,2,/random?min=1&max=100,200,31
19,3,/fibonacci?num=25,200,43
19,4,/toupper?text=lowercase,200,85
19,5,/timestamp,200,77
19,6,/fibonacci?num=30,200,66
19,7,/fibonacci?num=25,200,80
19,8,/fibonacci?num=25,200,86
19,9,/reverse?text=StressTest,200,53
19,10,/timestamp,200,58
2,1,/timestamp,200,51
2,2,/fibonacci?num=30,200,26
2,3,/reverse?text=HelloWorld,200,64
2,4,/random?min=1&max=100,200,71
2,5,/toupper?text=testing,200,68
2,6,/fibonacci?num=30,200,72
2,7,/status,200,99
2,8,/status,200,84
2,9,/timestamp,200,65
2,10,/toupper?text=testing,200,51
20,1,/toupper?text=testing,200,77
20,2,/help,200,30
20,3,/fibonacci?num=20,200,21
20,4,/status,200,66
20,5,/status,200,86
20,6,/reverse?text=StressTest,200,74
20,7,/timestamp,200,42
20,8,/fibonacci?num=25,200,58
20,9,/toupper?text=testing,200,55
20,10,/toupper?text=lowercase,200,36
21,1,/timestamp,200,82
21,2,/fibonacci?num=20,200,21
21,3,/status,200,56
21,4,/hash?text=TestData123&algo=sha256,200,96
21,5,/status,200,53
21,6,/timestamp,200,74
21,7,/help,200,41
21,8,/toupper?text=testing,200,64
21,9,/fibonacci?num=25,200,87
21,10,/status,200,38
22,1,/status,200,76
22,2,/fibonacci?num=30,200,41
22,3,/random?min=1&max=1000,200,83
22,4,/hash?text=TestData123&algo=sha256,200,56
22,5,/fibonacci?num=20,200,68
22,6,/toupper?text=testing,200,50
22,7,/reverse?text=HelloWorld,200,91
22,8,/status,200,42
22,9,/reverse?text=StressTest,200,66
22,10,/reverse?text=StressTest,200,29
23,1,/status,200,77
23,2,/status,200,18
23,3,/help,200,56
23,4,/fibonacci?num=20,200,89
23,5,/hash?text=TestData123&algo=sha256,200,81
23,6,/status,200,55
23,7,/status,200,50
23,8,/fibonacci?num=20,200,51
23,9,/reverse?text=StressTest,200,64
23,10,/hash?text=TestData123&algo=sha256,200,69
24,1,/help,200,82
24,2,/fibonacci?num=30,200,23
24,3,/toupper?text=lowercase,200,81
24,4,/status,200,87
24,5,/fibonacci?num=25,200,56
24,6,/hash?text=TestData123&algo=sha256,200,81
24,7,/help,200,63
24,8,/reverse?text=HelloWorld,200,48
24,9,/timestamp,200,36
24,10,/timestamp,200,41
25,1,/timestamp,200,69
25,2,/toupper?text=lowercase,200,37
25,3,/reverse?text=HelloWorld,200,56
25,4,/fibonacci?num=20,200,73
25,5,/toupper?text=lowercase,200,81
25,6,/timestamp,200,56
25,7,/status,200,71
25,8,/hash?text=TestData123&algo=sha256,200,85
25,9,/fibonacci?num=25,200,26
25,10,/toupper?text=testing,200,63
26,1,/reverse?text=HelloWorld,200,80
26,2,/fibonacci?num=20,200,24
26,3,/status,200,80
26,4,/hash?text=TestData123&algo=sha256,200,95
26,5,/random?min=1&max=1000,200,55
26,6,/random?min=1&max=1000,200,46
26,7,/fibonacci?num=20,200,52
26,8,/status,200,56
26,9,/reverse?text=StressTest,200,53
26,10,/random?min=1&max=1000,200,52
27,1,/random?min=1&max=1000,200,94
27,2,/timestamp,200,18
27,3,/toupper?text=testing,200,54
27,4,/reverse?text=StressTest,200,52
27,5,/help,200,52
27,6,/help,200,83
27,7,/status,200,105
27,8,/random?min=1&max=1000,200,64
27,9,/help,200,62
27,10,/toupper?text=lowercase,200,19
28,1,/reverse?text=HelloWorld,200,89
28,2,/fibonacci?num=30,200,22
28,3,/toupper?text=testing,200,101
28,4,/timestamp,200,115
28,5,/reverse?text=StressTest,200,74
28,6,/help,200,68
28,7,/fibonacci?num=25,200,80
28,8,/help,200,50
28,9,/random?min=1&max=100,200,39
28,10,/fibonacci?num=30,200,16
29,1,/status,200,72
29,2,/hash?text=TestData123&algo=sha256,200,19
29,3,/reverse?text=HelloWorld,200,85
29,4,/random?min=1&max=100,200,63
29,5,/status,200,51
29,6,/reverse?text=HelloWorld,200,58
29,7,/toupper?text=testing,200,62
29,8,/timestamp,200,44
29,9,/toupper?text=testing,200,61
29,10,/reverse?text=StressTest,200,75
3,1,/reverse?text=StressTest,200,50
3,2,/hash?text=TestData123&algo=sha256,200,32
3,3,/status,200,57
3,4,/random?min=1&max=1000,200,78
3,5,/reverse?text=StressTest,200,76
3,6,/reverse?text=StressTest,200,86
3,7,/timestamp,200,46
3,8,/timestamp,200,73
3,9,/toupper?text=testing,200,23
3,10,/hash?text=TestData123&algo=sha256,200,41
30,1,/toupper?text=testing,200,72
30,2,/reverse?text=StressTest,200,22
30,3,/timestamp,200,57
30,4,/toupper?text=testing,200,77
30,5,/toupper?text=testing,200,66
30,6,/reverse?text=StressTest,200,57
30,7,/timestamp,200,60
30,8,/timestamp,200,49
30,9,/fibonacci?num=25,200,62
30,10,/random?min=1&max=1000,200,44
31,1,/status,200,94
31,2,/random?min=1&max=100,200,20
31,3,/timestamp,200,72
31,4,/fibonacci?num=30,200,78
31,5,/random?min=1&max=100,200,60
31,6,/fibonacci?num=25,200,69
31,7,/toupper?text=lowercase,200,48
31,8,/fibonacci?num=20,200,51
31,9,/timestamp,200,49
31,10,/timestamp,200,57
32,1,/hash?text=TestData123&algo=sha256,200,51
32,2,/status,200,39
32,3,/hash?text=TestData123&algo=sha256,200,62
32,4,/toupper?text=testing,200,84
32,5,/fibonacci?num=20,200,56
32,6,/help,200,56
32,7,/fibonacci?num=20,200,63
32,8,/timestamp,200,93
32,9,/status,200,45
32,10,/status,200,25
33,1,/timestamp,200,78
33,2,/fibonacci?num=30,200,24
33,3,/status,200,101
33,4,/fibonacci?num=25,200,64
33,5,/random?min=1&max=1000,200,67
33,6,/status,200,69
33,7,/timestamp,200,61
33,8,/help,200,55
33,9,/random?min=1&max=100,200,31
33,10,/toupper?text=lowercase,200,23
34,1,/toupper?text=lowercase,200,62
34,2,/random?min=1&max=1000,200,21
34,3,/timestamp,200,82
34,4,/reverse?text=StressTest,200,91
34,5,/random?min=1&max=1000,200,62
34,6,/fibonacci?num=25,200,55
34,7,/fibonacci?num=30,200,42
34,8,/random?min=1&max=1000,200,64
34,9,/timestamp,200,71
34,10,/reverse?text=HelloWorld,200,61
35,1,/toupper?text=lowercase,200,66
35,2,/status,200,16
35,3,/status,200,64
35,4,/status,200,65
35,5,/random?min=1&max=1000,200,43
35,6,/timestamp,200,55
35,7,/hash?text=TestData123&algo=sha256,200,76
35,8,/toupper?text=lowercase,200,37
35,9,/timestamp,200,61
35,10,/reverse?text=HelloWorld,200,47
36,1,/toupper?text=testing,200,58
36,2,/help,200,19
36,3,/status,200,93
36,4,/fibonacci?num=30,200,64
36,5,/timestamp,200,52
36,6,/timestamp,200,66
36,7,/fibonacci?num=20,200,74
36,8,/timestamp,200,22
36,9,/reverse?text=HelloWorld,200,79
36,10,/random?min=1&max=100,200,57
37,1,/help,200,50
37,2,/hash?text=TestData123&algo=sha256,200,25
37,3,/timestamp,200,87
37,4,/timestamp,200,108
37,5,/fibonacci?num=30,200,60
37,6,/timestamp,200,89
37,7,/hash?text=TestData123&algo=sha256,200,61
37,8,/reverse?text=HelloWorld,200,79
37,9,/toupper?text=testing,200,41
37,10,/toupper?text=testing,200,10
38,1,/toupper?text=testing,200,59
38,2,/status,200,37
38,3,/status,200,79
38,4,/random?min=1&max=100,200,83
38,5,/hash?text=TestData123&algo=sha256,200,46
38,6,/toupper?text=lowercase,200,56
38,7,/status,200,54
38,8,/hash?text=TestData123&algo=sha256,200,64
38,9,/fibonacci?num=20,200,42
38,10,/fibonacci?num=25,200,60
39,1,/fibonacci?num=25,200,70
39,2,/help,200,36
39,3,/reverse?text=HelloWorld,200,70
39,4,/fibonacci?num=30,200,54
39,5,/fibonacci?num=25,200,78
39,6,/toupper?text=lowercase,200,60
39,7,/random?min=1&max=100,200,79
39,8,/status,200,25
39,9,/random?min=1&max=100,200,63
39,10,/reverse?text=StressTest,200,18
4,1,/hash?text=TestData123&algo=sha256,200,95
4,2,/help,200,20
4,3,/fibonacci?num=25,200,83
4,4,/status,200,58
4,5,/timestamp,200,42
4,6,/timestamp,200,55
4,7,/status,200,76
4,8,/status,200,79
4,9,/reverse?text=HelloWorld,200,62
4,10,/status,200,77
40,1,/toupper?text=lowercase,200,66
40,2,/status,200,27
40,3,/fibonacci?num=30,200,56
40,4,/timestamp,200,67
40,5,/timestamp,200,73
40,6,/status,200,69
40,7,/reverse?text=StressTest,200,51
40,8,/fibonacci?num=30,200,51
40,9,/fibonacci?num=30,200,72
40,10,/random?min=1&max=100,200,26
41,1,/toupper?text=lowercase,200,41
41,2,/hash?text=TestData123&algo=sha256,200,24
41,3,/random?min=1&max=1000,200,56
41,4,/fibonacci?num=30,200,50
41,5,/fibonacci?num=20,200,56
41,6,/random?min=1&max=1000,200,53
41,7,/toupper?text=testing,200,55
41,8,/toupper?text=testing,200,52
41,9,/timestamp,200,38
41,10,/timestamp,200,49
42,1,/hash?text=TestData123&algo=sha256,200,59
42,2,/help,200,23
42,3,/toupper?text=lowercase,200,99
42,4,/random?min=1&max=100,200,54
42,5,/status,200,54
42,6,/reverse?text=HelloWorld,200,36
42,7,/toupper?text=testing,200,33
42,8,/status,200,64
42,9,/fibonacci?num=30,200,52
42,10,/timestamp,200,56
43,1,/hash?text=TestData123&algo=sha256,200,95
43,2,/status,200,18
43,3,/status,200,97
43,4,/help,200,84
43,5,/fibonacci?num=30,200,77
43,6,/reverse?text=HelloWorld,200,86
43,7,/status,200,62
43,8,/fibonacci?num=20,200,37
43,9,/fibonacci?num=30,200,56
43,10,/random?min=1&max=100,200,18
44,1,/reverse?text=StressTest,200,79
44,2,/hash?text=TestData123&algo=sha256,200,39
44,3,/fibonacci?num=20,200,96
44,4,/help,200,85
44,5,/help,200,46
44,6,/hash?text=TestData123&algo=sha256,200,79
44,7,/timestamp,200,72
44,8,/help,200,51
44,9,/toupper?text=lowercase,200,48
44,10,/status,200,13
45,1,/toupper?text=lowercase,200,96
45,2,/reverse?text=HelloWorld,200,43
45,3,/toupper?text=lowercase,200,78
45,4,/reverse?text=HelloWorld,200,81
45,5,/status,200,42
45,6,/fibonacci?num=25,200,77
45,7,/random?min=1&max=100,200,63
45,8,/toupper?text=testing,200,42
45,9,/fibonacci?num=25,200,34
45,10,/fibonacci?num=30,200,35
46,1,/status,200,59
46,2,/timestamp,200,19
46,3,/status,200,90
46,4,/toupper?text=testing,200,58
46,5,/timestamp,200,53
46,6,/toupper?text=lowercase,200,32
46,7,/random?min=1&max=100,200,58
46,8,/hash?text=TestData123&algo=sha256,200,57
46,9,/fibonacci?num=20,200,51
46,10,/toupper?text=lowercase,200,63
47,1,/reverse?text=HelloWorld,200,60
47,2,/help,200,46
47,3,/random?min=1&max=1000,200,90
47,4,/help,200,69
47,5,/random?min=1&max=100,200,53
47,6,/reverse?text=HelloWorld,200,39
47,7,/random?min=1&max=100,200,65
47,8,/fibonacci?num=25,200,64
47,9,/timestamp,200,49
47,10,/fibonacci?num=20,200,18
48,1,/fibonacci?num=30,200,59
48,2,/fibonacci?num=25,200,20
48,3,/random?min=1&max=1000,200,46
48,4,/help,200,35
48,5,/status,200,70
48,6,/timestamp,200,74
48,7,/fibonacci?num=20,200,59
48,8,/random?min=1&max=1000,200,69
48,9,/status,200,43
48,10,/timestamp,200,54
49,1,/status,200,65
49,2,/random?min=1&max=1000,200,23
49,3,/random?min=1&max=100,200,75
49,4,/reverse?text=HelloWorld,200,77
49,5,/status,200,54
49,6,/random?min=1&max=1000,200,57
49,7,/toupper?text=lowercase,200,59
49,8,/random?min=1&max=100,200,67
49,9,/fibonacci?num=20,200,63
49,10,/fibonacci?num=20,200,31
5,1,/reverse?text=StressTest,200,41
5,2,/random?min=1&max=1000,200,38
5,3,/random?min=1&max=1000,200,41
5,4,/timestamp,200,59
5,5,/fibonacci?num=30,200,57
5,6,/reverse?text=StressTest,200,66
5,7,/toupper?text=testing,200,58
5,8,/fibonacci?num=25,200,62
5,9,/status,200,61
5,10,/random?min=1&max=100,200,52
50,1,/fibonacci?num=20,200,67
50,2,/timestamp,200,21
50,3,/fibonacci?num=20,200,53
50,4,/fibonacci?num=20,200,53
50,5,/random?min=1&max=100,200,68
50,6,/status,200,55
50,7,/help,200,100
50,8,/random?min=1&max=100,200,65
50,9,/fibonacci?num=20,200,32
50,10,/random?min=1&max=1000,200,47
6,1,/random?min=1&max=100,200,109
6,2,/toupper?text=lowercase,200,28
6,3,/reverse?text=StressTest,200,64
6,4,/reverse?text=HelloWorld,200,57
6,5,/reverse?text=StressTest,200,43
6,6,/status,200,62
6,7,/random?min=1&max=100,200,48
6,8,/status,200,73
6,9,/fibonacci?num=20,200,64
6,10,/fibonacci?num=20,200,60
7,1,/status,200,66
7,2,/status,200,34
7,3,/fibonacci?num=20,200,75
7,4,/help,200,71
7,5,/status,200,57
7,6,/status,200,43
7,7,/status,200,99
7,8,/hash?text=TestData123&algo=sha256,200,72
7,9,/help,200,47
7,10,/timestamp,200,47
8,1,/fibonacci?num=20,200,92
8,2,/reverse?text=StressTest,200,29
8,3,/help,200,58
8,4,/random?min=1&max=100,200,103
8,5,/timestamp,200,66
8,6,/timestamp,200,51
8,7,/timestamp,200,74
8,8,/fibonacci?num=25,200,59
8,9,/status,200,32
8,10,/status,200,58
9,1,/fibonacci?num=30,200,58
9,2,/fibonacci?num=30,200,25
9,3,/fibonacci?num=20,200,49
9,4,/status,200,46
9,5,/fibonacci?num=20,200,54
9,6,/timestamp,200,54
9,7,/timestamp,200,80
9,8,/hash?text=TestData123&algo=sha256,200,63
9,9,/random?min=1&max=1000,200,46
9,10,/toupper?text=testing,200,23
