1,1,/status,200,80
1,2,/status,200,79
1,3,/fibonacci?num=30,200,16
1,4,/fibonacci?num=30,200,22
1,5,/toupper?text=testing,200,42
1,6,/random?min=1&max=100,200,48
1,7,/fibonacci?num=30,200,31
1,8,/timestamp,200,54
1,9,/fibonacci?num=30,200,125
1,10,/fibonacci?num=30,200,50
10,1,/status,200,167
10,2,/reverse?text=StressTest,200,18
10,3,/timestamp,200,35
10,4,/fibonacci?num=20,200,68
10,5,/status,200,22
10,6,/random?min=1&max=1000,200,31
10,7,/random?min=1&max=1000,200,28
10,8,/reverse?text=StressTest,200,49
10,9,/toupper?text=testing,200,104
10,10,/help,200,36
100,1,/reverse?text=HelloWorld,200,263
100,2,/reverse?text=HelloWorld,200,21
100,3,/help,200,68
100,4,/timestamp,200,33
100,5,/help,200,33
100,6,/reverse?text=HelloWorld,200,28
100,7,/help,200,82
100,8,/fibonacci?num=25,200,74
100,9,/random?min=1&max=1000,200,80
100,10,/timestamp,200,21
11,1,/toupper?text=testing,200,48
11,2,/random?min=1&max=1000,200,206
11,3,/random?min=1&max=1000,200,23
11,4,/hash?text=TestData123&algo=sha256,200,30
11,5,/timestamp,200,36
11,6,/reverse?text=StressTest,200,18
11,7,/fibonacci?num=20,200,38
11,8,/reverse?text=StressTest,200,45
11,9,/help,200,48
11,10,/fibonacci?num=25,200,63
12,1,/timestamp,200,286
12,2,/timestamp,200,16
12,3,/status,200,47
12,4,/fibonacci?num=30,200,91
12,5,/reverse?text=StressTest,200,36
12,6,/random?min=1&max=100,200,15
12,7,/timestamp,200,27
12,8,/status,200,70
12,9,/fibonacci?num=20,200,69
12,10,/toupper?text=testing,200,58
13,1,/fibonacci?num=20,200,133
13,2,/fibonacci?num=20,200,21
13,3,/fibonacci?num=30,200,27
13,4,/random?min=1&max=1000,200,32
13,5,/random?min=1&max=1000,200,37
13,6,/status,200,42
13,7,/toupper?text=lowercase,200,25
13,8,/help,200,39
13,9,/hash?text=TestData123&algo=sha256,200,110
13,10,/reverse?text=HelloWorld,200,68
14,1,/status,200,271
14,2,/toupper?text=testing,200,19
14,3,/hash?text=TestData123&algo=sha256,200,59
14,4,/timestamp,200,71
14,5,/help,200,36
14,6,/status,200,21
14,7,/fibonacci?num=25,200,58
14,8,/hash?text=TestData123&algo=sha256,200,80
14,9,/toupper?text=lowercase,200,172
14,10,/reverse?text=StressTest,200,60
15,1,/timestamp,200,297
15,2,/reverse?text=HelloWorld,200,14
15,3,/status,200,35
15,4,/toupper?text=lowercase,200,70
15,5,/status,200,30
15,6,/random?min=1&max=100,200,17
15,7,/status,200,52
15,8,/hash?text=TestData123&algo=sha256,200,22
15,9,/help,200,80
15,10,/toupper?text=testing,200,48
16,1,/fibonacci?num=30,200,134
16,2,/hash?text=TestData123&algo=sha256,200,29
16,3,/reverse?text=StressTest,200,27
16,4,/fibonacci?num=30,200,93
16,5,/reverse?text=HelloWorld,200,21
16,6,/timestamp,200,16
16,7,/random?min=1&max=1000,200,27
16,8,/help,200,49
16,9,/timestamp,200,101
16,10,/toupper?text=lowercase,200,14
17,1,/reverse?text=HelloWorld,200,218
17,2,/help,200,14
17,3,/reverse?text=HelloWorld,200,46
17,4,/reverse?text=StressTest,200,69
17,5,/random?min=1&max=1000,200,43
17,6,/random?min=1&max=100,200,25
17,7,/toupper?text=lowercase,200,45
17,8,/reverse?text=HelloWorld,200,53
17,9,/timestamp,200,85
17,10,/reverse?text=HelloWorld,200,20
18,1,/status,200,132
18,2,/reverse?text=StressTest,200,15
18,3,/timestamp,200,25
18,4,/status,200,135
18,5,/reverse?text=HelloWorld,200,27
18,6,/random?min=1&max=100,200,25
18,7,/timestamp,200,82
18,8,/toupper?text=testing,200,52
18,9,/hash?text=TestData123&algo=sha256,200,99
18,10,/status,200,56
19,1,/fibonacci?num=25,200,124
19,2,/fibonacci?num=25,200,100
19,3,/timestamp,200,42
19,4,/fibonacci?num=25,200,85
19,5,/fibonacci?num=20,200,44
19,6,/fibonacci?num=30,200,29
19,7,/random?min=1&max=100,200,42
19,8,/reverse?text=HelloWorld,200,31
19,9,/status,200,96
19,10,/status,200,45
2,1,/reverse?text=HelloWorld,200,133
2,2,/timestamp,200,103
2,3,/status,200,38
2,4,/random?min=1&max=100,200,65
2,5,/toupper?text=lowercase,200,34
2,6,/fibonacci?num=30,200,26
2,7,/timestamp,200,23
2,8,/fibonacci?num=20,200,48
2,9,/timestamp,200,123
2,10,/timestamp,200,39
20,1,/fibonacci?num=20,200,267
20,2,/status,200,19
20,3,/timestamp,200,20
20,4,/status,200,34
20,5,/hash?text=TestData123&algo=sha256,200,19
20,6,/toupper?text=testing,200,21
20,7,/timestamp,200,51
20,8,/timestamp,200,88
20,9,/hash?text=TestData123&algo=sha256,200,58
20,10,/status,200,27
21,1,/random?min=1&max=1000,200,168
21,2,/fibonacci?num=30,200,18
21,3,/reverse?text=StressTest,200,28
21,4,/reverse?text=HelloWorld,200,47
21,5,/timestamp,200,79
21,6,/help,200,24
21,7,/reverse?text=StressTest,200,36
21,8,/reverse?text=HelloWorld,200,25
21,9,/fibonacci?num=20,200,111
21,10,/help,200,100
22,1,/reverse?text=HelloWorld,200,111
22,2,/reverse?text=HelloWorld,200,112
22,3,/toupper?text=testing,200,40
22,4,/help,200,83
22,5,/status,200,19
22,6,/fibonacci?num=20,200,22
22,7,/status,200,43
22,8,/random?min=1&max=1000,200,106
22,9,/help,200,110
22,10,/random?min=1&max=100,200,132
23,1,/reverse?text=HelloWorld,200,138
23,2,/fibonacci?num=25,200,15
23,3,/fibonacci?num=20,200,28
23,4,/fibonacci?num=30,200,103
23,5,/status,200,16
23,6,/help,200,28
23,7,/fibonacci?num=20,200,46
23,8,/timestamp,200,62
23,9,/toupper?text=testing,200,138
23,10,/fibonacci?num=30,200,50
24,1,/random?min=1&max=100,200,154
24,2,/reverse?text=HelloWorld,200,24
24,3,/timestamp,200,48
24,4,/timestamp,200,76
24,5,/hash?text=TestData123&algo=sha256,200,57
24,6,/toupper?text=testing,200,37
24,7,/reverse?text=StressTest,200,98
24,8,/timestamp,200,73
24,9,/reverse?text=HelloWorld,200,84
24,10,/toupper?text=lowercase,200,69
25,1,/fibonacci?num=30,200,177
25,2,/status,200,22
25,3,/fibonacci?num=25,200,30
25,4,/random?min=1&max=100,200,54
25,5,/fibonacci?num=20,200,29
25,6,/reverse?text=HelloWorld,200,21
25,7,/timestamp,200,22
25,8,/fibonacci?num=20,200,52
25,9,/toupper?text=lowercase,200,62
25,10,/status,200,39
26,1,/reverse?text=HelloWorld,200,231
26,2,/fibonacci?num=25,200,44
26,3,/help,200,45
26,4,/hash?text=TestData123&algo=sha256,200,86
26,5,/status,200,45
26,6,/reverse?text=HelloWorld,200,29
26,7,/hash?text=TestData123&algo=sha256,200,68
26,8,/timestamp,200,36
26,9,/random?min=1&max=100,200,54
26,10,/hash?text=TestData123&algo=sha256,200,15
27,1,/fibonacci?num=25,200,139
27,2,/fibonacci?num=25,200,29
27,3,/timestamp,200,22
27,4,/random?min=1&max=1000,200,61
27,5,/status,200,32
27,6,/hash?text=TestData123&algo=sha256,200,24
27,7,/random?min=1&max=1000,200,39
27,8,/toupper?text=testing,200,56
27,9,/fibonacci?num=30,200,28
27,10,/reverse?text=HelloWorld,200,72
28,1,/reverse?text=HelloWorld,200,134
28,2,/reverse?text=StressTest,200,16
28,3,/hash?text=TestData123&algo=sha256,200,21
28,4,/random?min=1&max=1000,200,61
28,5,/status,200,33
28,6,/reverse?text=HelloWorld,200,33
28,7,/timestamp,200,57
28,8,/random?min=1&max=1000,200,30
28,9,/timestamp,200,96
28,10,/timestamp,200,25
29,1,/fibonacci?num=25,200,132
29,2,/help,200,52
29,3,/fibonacci?num=30,200,56
29,4,/random?min=1&max=1000,200,48
29,5,/fibonacci?num=30,200,19
29,6,/random?min=1&max=1000,200,23
29,7,/fibonacci?num=30,200,32
29,8,/timestamp,200,51
29,9,/fibonacci?num=20,200,108
29,10,/fibonacci?num=20,200,16
3,1,/fibonacci?num=25,200,74
3,2,/hash?text=TestData123&algo=sha256,200,273
3,3,/fibonacci?num=25,200,36
3,4,/reverse?text=HelloWorld,200,64
3,5,/fibonacci?num=30,200,24
3,6,/reverse?text=HelloWorld,200,13
3,7,/timestamp,200,21
3,8,/status,200,31
3,9,/help,200,127
3,10,/random?min=1&max=1000,200,23
30,1,/hash?text=TestData123&algo=sha256,200,178
30,2,/status,200,12
30,3,/fibonacci?num=30,200,37
30,4,/random?min=1&max=100,200,36
30,5,/status,200,48
30,6,/help,200,37
30,7,/fibonacci?num=30,200,32
30,8,/reverse?text=HelloWorld,200,49
30,9,/fibonacci?num=25,200,49
30,10,/fibonacci?num=25,200,69
31,1,/help,200,144
31,2,/reverse?text=StressTest,200,30
31,3,/fibonacci?num=30,200,37
31,4,/reverse?text=HelloWorld,200,41
31,5,/reverse?text=StressTest,200,30
31,6,/status,200,30
31,7,/hash?text=TestData123&algo=sha256,200,24
31,8,/timestamp,200,71
31,9,/random?min=1&max=1000,200,164
31,10,/status,200,20
32,1,/status,200,301
32,2,/timestamp,200,14
32,3,/status,200,30
32,4,/fibonacci?num=20,200,56
32,5,/reverse?text=StressTest,200,41
32,6,/fibonacci?num=30,200,21
32,7,/toupper?text=testing,200,108
32,8,/toupper?text=lowercase,200,73
32,9,/timestamp,200,86
32,10,/fibonacci?num=20,200,43
33,1,/hash?text=TestData123&algo=sha256,200,309
33,2,/reverse?text=StressTest,200,12
33,3,/toupper?text=lowercase,200,54
33,4,/fibonacci?num=30,200,65
33,5,/status,200,31
33,6,/timestamp,200,28
33,7,/toupper?text=testing,200,72
33,8,/toupper?text=lowercase,200,30
33,9,/status,200,70
33,10,/reverse?text=StressTest,200,24
34,1,/fibonacci?num=30,200,144
34,2,/reverse?text=StressTest,200,22
34,3,/random?min=1&max=100,200,44
34,4,/fibonacci?num=30,200,98
34,5,/fibonacci?num=30,200,27
34,6,/fibonacci?num=30,200,21
34,7,/fibonacci?num=20,200,79
34,8,/status,200,70
34,9,/timestamp,200,56
34,10,/reverse?text=StressTest,200,43
35,1,/toupper?text=testing,200,327
35,2,/toupper?text=testing,200,25
35,3,/hash?text=TestData123&algo=sha256,200,28
35,4,/status,200,54
35,5,/status,200,24
35,6,/timestamp,200,25
35,7,/help,200,24
35,8,/status,200,61
35,9,/random?min=1&max=1000,200,60
35,10,/timestamp,200,118
36,1,/timestamp,200,302
36,2,/random?min=1&max=1000,200,15
36,3,/reverse?text=StressTest,200,65
36,4,/fibonacci?num=30,200,36
36,5,/help,200,27
36,6,/status,200,28
36,7,/fibonacci?num=30,200,51
36,8,/reverse?text=StressTest,200,56
36,9,/fibonacci?num=20,200,38
36,10,/timestamp,200,19
37,1,/reverse?text=StressTest,200,100
37,2,/status,200,37
37,3,/toupper?text=lowercase,200,34
37,4,/random?min=1&max=1000,200,67
37,5,/help,200,23
37,6,/fibonacci?num=25,200,15
37,7,/random?min=1&max=1000,200,22
37,8,/fibonacci?num=30,200,45
37,9,/toupper?text=testing,200,76
37,10,/fibonacci?num=30,200,47
38,1,/fibonacci?num=30,200,294
38,2,/reverse?text=HelloWorld,200,27
38,3,/help,200,51
38,4,/random?min=1&max=100,200,155
38,5,/fibonacci?num=20,200,26
38,6,/help,200,18
38,7,/fibonacci?num=25,200,29
38,8,/timestamp,200,101
38,9,/random?min=1&max=1000,200,106
38,10,/fibonacci?num=25,200,77
39,1,/status,200,181
39,2,/timestamp,200,18
39,3,/timestamp,200,54
39,4,/hash?text=TestData123&algo=sha256,200,50
39,5,/timestamp,200,24
39,6,/toupper?text=lowercase,200,21
39,7,/fibonacci?num=20,200,27
39,8,/toupper?text=testing,200,109
39,9,/reverse?text=StressTest,200,118
39,10,/timestamp,200,42
4,1,/help,200,84
4,2,/toupper?text=lowercase,200,76
4,3,/reverse?text=StressTest,200,25
4,4,/random?min=1&max=100,200,62
4,5,/reverse?text=StressTest,200,24
4,6,/status,200,27
4,7,/fibonacci?num=20,200,27
4,8,/timestamp,200,31
4,9,/help,200,122
4,10,/status,200,39
40,1,/hash?text=TestData123&algo=sha256,200,275
40,2,/random?min=1&max=1000,200,18
40,3,/fibonacci?num=20,200,41
40,4,/fibonacci?num=25,200,76
40,5,/reverse?text=HelloWorld,200,52
40,6,/reverse?text=HelloWorld,200,27
40,7,/toupper?text=testing,200,63
40,8,/help,200,82
40,9,/fibonacci?num=30,200,79
40,10,/toupper?text=lowercase,200,23
41,1,/status,200,125
41,2,/fibonacci?num=25,200,17
41,3,/random?min=1&max=1000,200,12
41,4,/reverse?text=StressTest,200,50
41,5,/random?min=1&max=100,200,50
41,6,/toupper?text=lowercase,200,20
41,7,/fibonacci?num=25,200,25
41,8,/fibonacci?num=25,200,74
41,9,/hash?text=TestData123&algo=sha256,200,43
41,10,/fibonacci?num=25,200,113
42,1,/random?min=1&max=1000,200,137
42,2,/toupper?text=testing,200,16
42,3,/toupper?text=testing,200,34
42,4,/reverse?text=HelloWorld,200,112
42,5,/toupper?text=lowercase,200,50
42,6,/fibonacci?num=25,200,40
42,7,/fibonacci?num=25,200,37
42,8,/status,200,28
42,9,/timestamp,200,78
42,10,/reverse?text=StressTest,200,33
43,1,/fibonacci?num=30,200,105
43,2,/timestamp,200,16
43,3,/timestamp,200,29
43,4,/status,200,65
43,5,/status,200,27
43,6,/reverse?text=HelloWorld,200,19
43,7,/reverse?text=HelloWorld,200,21
43,8,/fibonacci?num=25,200,46
43,9,/toupper?text=lowercase,200,83
43,10,/random?min=1&max=1000,200,40
44,1,/random?min=1&max=100,200,291
44,2,/toupper?text=testing,200,15
44,3,/status,200,17
44,4,/toupper?text=testing,200,70
44,5,/toupper?text=testing,200,23
44,6,/reverse?text=StressTest,200,32
44,7,/fibonacci?num=30,200,57
44,8,/toupper?text=testing,200,44
44,9,/timestamp,200,61
44,10,/fibonacci?num=20,200,69
45,1,/status,200,354
45,2,/status,200,15
45,3,/status,200,56
45,4,/status,200,54
45,5,/random?min=1&max=1000,200,28
45,6,/timestamp,200,26
45,7,/random?min=1&max=100,200,63
45,8,/toupper?text=lowercase,200,84
45,9,/status,200,58
45,10,/status,200,22
46,1,/random?min=1&max=1000,200,155
46,2,/fibonacci?num=30,200,17
46,3,/timestamp,200,50
46,4,/status,200,63
46,5,/help,200,46
46,6,/help,200,25
46,7,/random?min=1&max=1000,200,36
46,8,/fibonacci?num=20,200,128
46,9,/status,200,65
46,10,/toupper?text=testing,200,18
47,1,/reverse?text=HelloWorld,200,118
47,2,/reverse?text=StressTest,200,28
47,3,/random?min=1&max=100,200,63
47,4,/toupper?text=lowercase,200,60
47,5,/toupper?text=lowercase,200,57
47,6,/fibonacci?num=25,200,17
47,7,/status,200,65
47,8,/fibonacci?num=25,200,27
47,9,/fibonacci?num=30,200,98
47,10,/hash?text=TestData123&algo=sha256,200,50
48,1,/fibonacci?num=20,200,118
48,2,/timestamp,200,14
48,3,/timestamp,200,40
48,4,/reverse?text=HelloWorld,200,67
48,5,/help,200,31
48,6,/toupper?text=testing,200,24
48,7,/hash?text=TestData123&algo=sha256,200,39
48,8,/status,200,21
48,9,/fibonacci?num=20,200,89
48,10,/timestamp,200,53
49,1,/fibonacci?num=25,200,140
49,2,/toupper?text=testing,200,20
49,3,/random?min=1&max=100,200,27
49,4,/toupper?text=lowercase,200,52
49,5,/fibonacci?num=20,200,40
49,6,/hash?text=TestData123&algo=sha256,200,23
49,7,/timestamp,200,71
49,8,/random?min=1&max=1000,200,103
49,9,/reverse?text=StressTest,200,62
49,10,/toupper?text=lowercase,200,39
5,1,/status,200,91
5,2,/toupper?text=lowercase,200,171
5,3,/toupper?text=lowercase,200,13
5,4,/help,200,38
5,5,/reverse?text=StressTest,200,37
5,6,/status,200,23
5,7,/fibonacci?num=25,200,17
5,8,/reverse?text=StressTest,200,52
5,9,/reverse?text=HelloWorld,200,140
5,10,/toupper?text=testing,200,68
50,1,/timestamp,200,210
50,2,/timestamp,200,18
50,3,/help,200,31
50,4,/help,200,53
50,5,/timestamp,200,34
50,6,/fibonacci?num=20,200,17
50,7,/help,200,67
50,8,/fibonacci?num=25,200,54
50,9,/toupper?text=lowercase,200,60
50,10,/status,200,65
51,1,/reverse?text=StressTest,200,73
51,2,/status,200,16
51,3,/toupper?text=lowercase,200,30
51,4,/toupper?text=lowercase,200,105
51,5,/timestamp,200,33
51,6,/help,200,22
51,7,/status,200,73
51,8,/toupper?text=lowercase,200,90
51,9,/fibonacci?num=20,200,85
51,10,/random?min=1&max=100,200,53
52,1,/timestamp,200,228
52,2,/fibonacci?num=25,200,20
52,3,/timestamp,200,57
52,4,/toupper?text=lowercase,200,53
52,5,/status,200,18
52,6,/toupper?text=lowercase,200,15
52,7,/timestamp,200,42
52,8,/fibonacci?num=30,200,110
52,9,/fibonacci?num=20,200,52
52,10,/fibonacci?num=30,200,24
53,1,/reverse?text=StressTest,200,278
53,2,/fibonacci?num=30,200,18
53,3,/toupper?text=lowercase,200,37
53,4,/timestamp,200,25
53,5,/random?min=1&max=1000,200,39
53,6,/random?min=1&max=100,200,38
53,7,/reverse?text=HelloWorld,200,51
53,8,/fibonacci?num=20,200,66
53,9,/timestamp,200,143
53,10,/status,200,26
54,1,/status,200,171
54,2,/fibonacci?num=20,200,14
54,3,/help,200,42
54,4,/hash?text=TestData123&algo=sha256,200,83
54,5,/toupper?text=lowercase,200,44
54,6,/random?min=1&max=100,200,24
54,7,/toupper?text=lowercase,200,99
54,8,/fibonacci?num=20,200,72
54,9,/timestamp,200,126
54,10,/hash?text=TestData123&algo=sha256,200,41
55,1,/help,200,288
55,2,/hash?text=TestData123&algo=sha256,200,17
55,3,/reverse?text=StressTest,200,31
55,4,/timestamp,200,18
55,5,/timestamp,200,33
55,6,/hash?text=TestData123&algo=sha256,200,50
55,7,/status,200,17
55,8,/reverse?text=HelloWorld,200,47
55,9,/hash?text=TestData123&algo=sha256,200,63
55,10,/hash?text=TestData123&algo=sha256,200,36
56,1,/hash?text=TestData123&algo=sha256,200,201
56,2,/status,200,13
56,3,/timestamp,200,48
56,4,/help,200,95
56,5,/random?min=1&max=100,200,33
56,6,/random?min=1&max=100,200,22
56,7,/hash?text=TestData123&algo=sha256,200,70
56,8,/help,200,54
56,9,/fibonacci?num=30,200,77
56,10,/hash?text=TestData123&algo=sha256,200,33
57,1,/timestamp,200,107
57,2,/timestamp,200,17
57,3,/fibonacci?num=30,200,30
57,4,/fibonacci?num=25,200,42
57,5,/random?min=1&max=1000,200,13
57,6,/status,200,18
57,7,/fibonacci?num=25,200,23
57,8,/toupper?text=testing,200,61
57,9,/random?min=1&max=100,200,87
57,10,/toupper?text=testing,200,26
58,1,/status,200,240
58,2,/status,200,16
58,3,/reverse?text=StressTest,200,37
58,4,/help,200,18
58,5,/fibonacci?num=30,200,29
58,6,/help,200,28
58,7,/status,200,14
58,8,/toupper?text=lowercase,200,65
58,9,/toupper?text=testing,200,171
58,10,/toupper?text=testing,200,40
59,1,/toupper?text=lowercase,200,323
59,2,/reverse?text=StressTest,200,15
59,3,/status,200,22
59,4,/reverse?text=HelloWorld,200,33
59,5,/random?min=1&max=1000,200,36
59,6,/toupper?text=lowercase,200,30
59,7,/fibonacci?num=30,200,66
59,8,/status,200,42
59,9,/status,200,84
59,10,/reverse?text=StressTest,200,41
6,1,/status,200,279
6,2,/help,200,16
6,3,/fibonacci?num=20,200,19
6,4,/toupper?text=testing,200,64
6,5,/status,200,93
6,6,/fibonacci?num=25,200,30
6,7,/reverse?text=HelloWorld,200,22
6,8,/reverse?text=HelloWorld,200,84
6,9,/hash?text=TestData123&algo=sha256,200,31
6,10,/hash?text=TestData123&algo=sha256,200,57
60,1,/reverse?text=HelloWorld,200,88
60,2,/timestamp,200,15
60,3,/status,200,48
60,4,/fibonacci?num=20,200,43
60,5,/fibonacci?num=30,200,35
60,6,/toupper?text=testing,200,19
60,7,/reverse?text=HelloWorld,200,57
60,8,/status,200,75
60,9,/reverse?text=StressTest,200,43
60,10,/fibonacci?num=20,200,24
61,1,/status,200,193
61,2,/random?min=1&max=100,200,12
61,3,/status,200,27
61,4,/timestamp,200,44
61,5,/timestamp,200,15
61,6,/fibonacci?num=25,200,17
61,7,/fibonacci?num=25,200,61
61,8,/fibonacci?num=25,200,57
61,9,/help,200,70
61,10,/random?min=1&max=1000,200,25
62,1,/toupper?text=testing,200,219
62,2,/fibonacci?num=20,200,18
62,3,/toupper?text=lowercase,200,45
62,4,/toupper?text=lowercase,200,72
62,5,/fibonacci?num=25,200,26
62,6,/status,200,47
62,7,/timestamp,200,62
62,8,/status,200,32
62,9,/fibonacci?num=20,200,102
62,10,/reverse?text=HelloWorld,200,26
63,1,/reverse?text=StressTest,200,202
63,2,/status,200,22
63,3,/toupper?text=lowercase,200,23
63,4,/status,200,67
63,5,/toupper?text=lowercase,200,34
63,6,/status,200,29
63,7,/timestamp,200,25
63,8,/random?min=1&max=100,200,85
63,9,/status,200,65
63,10,/status,200,87
64,1,/timestamp,200,99
64,2,/timestamp,200,17
64,3,/fibonacci?num=30,200,30
64,4,/reverse?text=StressTest,200,161
64,5,/toupper?text=testing,200,23
64,6,/fibonacci?num=25,200,18
64,7,/toupper?text=lowercase,200,90
64,8,/toupper?text=lowercase,200,66
64,9,/status,200,67
64,10,/random?min=1&max=1000,200,73
65,1,/timestamp,200,269
65,2,/timestamp,200,14
65,3,/toupper?text=testing,200,57
65,4,/timestamp,200,27
65,5,/random?min=1&max=1000,200,25
65,6,/timestamp,200,24
65,7,/fibonacci?num=25,200,17
65,8,/toupper?text=testing,200,84
65,9,/toupper?text=lowercase,200,123
65,10,/help,200,19
66,1,/status,200,302
66,2,/random?min=1&max=100,200,34
66,3,/reverse?text=HelloWorld,200,91
66,4,/reverse?text=StressTest,200,40
66,5,/toupper?text=lowercase,200,29
66,6,/timestamp,200,26
66,7,/timestamp,200,44
66,8,/random?min=1&max=1000,200,82
66,9,/reverse?text=StressTest,200,21
66,10,/toupper?text=testing,200,19
67,1,/fibonacci?num=30,200,274
67,2,/fibonacci?num=25,200,14
67,3,/toupper?text=lowercase,200,42
67,4,/reverse?text=HelloWorld,200,45
67,5,/fibonacci?num=20,200,21
67,6,/reverse?text=StressTest,200,36
67,7,/status,200,30
67,8,/hash?text=TestData123&algo=sha256,200,39
67,9,/fibonacci?num=30,200,96
67,10,/random?min=1&max=100,200,59
68,1,/status,200,220
68,2,/status,200,19
68,3,/help,200,84
68,4,/fibonacci?num=30,200,26
68,5,/timestamp,200,30
68,6,/toupper?text=testing,200,22
68,7,/fibonacci?num=25,200,58
68,8,/random?min=1&max=100,200,86
68,9,/hash?text=TestData123&algo=sha256,200,46
68,10,/fibonacci?num=30,200,23
69,1,/reverse?text=HelloWorld,200,161
69,2,/help,200,14
69,3,/toupper?text=lowercase,200,32
69,4,/random?min=1&max=1000,200,76
69,5,/random?min=1&max=1000,200,37
69,6,/timestamp,200,22
69,7,/fibonacci?num=20,200,36
69,8,/fibonacci?num=20,200,39
69,9,/hash?text=TestData123&algo=sha256,200,71
69,10,/timestamp,200,24
7,1,/status,200,273
7,2,/hash?text=TestData123&algo=sha256,200,16
7,3,/timestamp,200,61
7,4,/status,200,78
7,5,/help,200,37
7,6,/fibonacci?num=20,200,22
7,7,/random?min=1&max=1000,200,103
7,8,/random?min=1&max=100,200,145
7,9,/fibonacci?num=25,200,78
7,10,/random?min=1&max=1000,200,33
70,1,/hash?text=TestData123&algo=sha256,200,201
70,2,/random?min=1&max=100,200,26
70,3,/fibonacci?num=30,200,50
70,4,/help,200,34
70,5,/status,200,19
70,6,/reverse?text=StressTest,200,37
70,7,/timestamp,200,47
70,8,/status,200,64
70,9,/fibonacci?num=30,200,54
70,10,/status,200,64
71,1,/status,200,250
71,2,/fibonacci?num=20,200,16
71,3,/timestamp,200,27
71,4,/help,200,19
71,5,/status,200,29
71,6,/fibonacci?num=25,200,28
71,7,/fibonacci?num=30,200,23
71,8,/reverse?text=StressTest,200,46
71,9,/help,200,78
71,10,/random?min=1&max=1000,200,79
72,1,/hash?text=TestData123&algo=sha256,200,219
72,2,/toupper?text=testing,200,25
72,3,/reverse?text=StressTest,200,19
72,4,/status,200,33
72,5,/fibonacci?num=20,200,53
72,6,/toupper?text=lowercase,200,30
72,7,/timestamp,200,69
72,8,/hash?text=TestData123&algo=sha256,200,48
72,9,/status,200,56
72,10,/timestamp,200,60
73,1,/timestamp,200,107
73,2,/status,200,16
73,3,/random?min=1&max=100,200,33
73,4,/status,200,52
73,5,/fibonacci?num=30,200,42
73,6,/fibonacci?num=20,200,26
73,7,/status,200,46
73,8,/reverse?text=HelloWorld,200,60
73,9,/random?min=1&max=1000,200,116
73,10,/fibonacci?num=25,200,28
74,1,/reverse?text=StressTest,200,190
74,2,/reverse?text=StressTest,200,24
74,3,/fibonacci?num=30,200,40
74,4,/status,200,85
74,5,/timestamp,200,43
74,6,/status,200,16
74,7,/reverse?text=StressTest,200,76
74,8,/random?min=1&max=1000,200,42
74,9,/toupper?text=lowercase,200,119
74,10,/fibonacci?num=20,200,33
75,1,/status,200,171
75,2,/fibonacci?num=25,200,16
75,3,/help,200,27
75,4,/fibonacci?num=30,200,32
75,5,/random?min=1&max=1000,200,45
75,6,/status,200,30
75,7,/status,200,50
75,8,/timestamp,200,76
75,9,/hash?text=TestData123&algo=sha256,200,75
75,10,/hash?text=TestData123&algo=sha256,200,24
76,1,/toupper?text=testing,200,128
76,2,/status,200,18
76,3,/timestamp,200,32
76,4,/help,200,118
76,5,/fibonacci?num=30,200,28
76,6,/help,200,12
76,7,/toupper?text=lowercase,200,107
76,8,/fibonacci?num=30,200,143
76,9,/fibonacci?num=30,200,41
76,10,/fibonacci?num=20,200,82
77,1,/random?min=1&max=1000,200,120
77,2,/toupper?text=testing,200,19
77,3,/random?min=1&max=1000,200,34
77,4,/random?min=1&max=1000,200,61
77,5,/random?min=1&max=1000,200,18
77,6,/hash?text=TestData123&algo=sha256,200,36
77,7,/timestamp,200,27
77,8,/timestamp,200,43
77,9,/timestamp,200,118
77,10,/status,200,42
78,1,/random?min=1&max=1000,200,211
78,2,/help,200,17
78,3,/status,200,31
78,4,/help,200,40
78,5,/random?min=1&max=1000,200,19
78,6,/status,200,46
78,7,/random?min=1&max=100,200,66
78,8,/reverse?text=HelloWorld,200,105
78,9,/help,200,73
78,10,/fibonacci?num=25,200,16
79,1,/status,200,197
79,2,/random?min=1&max=100,200,15
79,3,/reverse?text=StressTest,200,27
79,4,/timestamp,200,28
79,5,/hash?text=TestData123&algo=sha256,200,35
79,6,/status,200,29
79,7,/reverse?text=HelloWorld,200,25
79,8,/toupper?text=testing,200,38
79,9,/timestamp,200,85
79,10,/hash?text=TestData123&algo=sha256,200,41
8,1,/random?min=1&max=100,200,365
8,2,/status,200,12
8,3,/toupper?text=testing,200,26
8,4,/hash?text=TestData123&algo=sha256,200,51
8,5,/random?min=1&max=1000,200,32
8,6,/toupper?text=testing,200,20
8,7,/hash?text=TestData123&algo=sha256,200,34
8,8,/reverse?text=HelloWorld,200,37
8,9,/fibonacci?num=30,200,81
8,10,/timestamp,200,122
80,1,/status,200,289
80,2,/fibonacci?num=20,200,15
80,3,/help,200,41
80,4,/fibonacci?num=25,200,42
80,5,/random?min=1&max=1000,200,41
80,6,/toupper?text=testing,200,22
80,7,/toupper?text=lowercase,200,18
80,8,/status,200,38
80,9,/status,200,124
80,10,/fibonacci?num=20,200,23
81,1,/toupper?text=testing,200,270
81,2,/fibonacci?num=20,200,22
81,3,/status,200,46
81,4,/fibonacci?num=25,200,22
81,5,/timestamp,200,34
81,6,/hash?text=TestData123&algo=sha256,200,41
81,7,/fibonacci?num=30,200,87
81,8,/fibonacci?num=20,200,134
81,9,/fibonacci?num=25,200,59
81,10,/reverse?text=HelloWorld,200,19
82,1,/reverse?text=HelloWorld,200,178
82,2,/random?min=1&max=1000,200,21
82,3,/random?min=1&max=100,200,46
82,4,/toupper?text=testing,200,25
82,5,/timestamp,200,28
82,6,/reverse?text=StressTest,200,35
82,7,/toupper?text=testing,200,98
82,8,/help,200,75
82,9,/toupper?text=testing,200,49
82,10,/hash?text=TestData123&algo=sha256,200,19
83,1,/reverse?text=StressTest,200,71
83,2,/reverse?text=StressTest,200,20
83,3,/reverse?text=StressTest,200,44
83,4,/reverse?text=HelloWorld,200,62
83,5,/status,200,17
83,6,/fibonacci?num=30,200,56
83,7,/toupper?text=testing,200,62
83,8,/reverse?text=HelloWorld,200,59
83,9,/toupper?text=testing,200,87
83,10,/random?min=1&max=100,200,91
84,1,/status,200,77
84,2,/fibonacci?num=30,200,11
84,3,/random?min=1&max=1000,200,42
84,4,/timestamp,200,62
84,5,/fibonacci?num=30,200,29
84,6,/reverse?text=HelloWorld,200,31
84,7,/hash?text=TestData123&algo=sha256,200,20
84,8,/reverse?text=HelloWorld,200,73
84,9,/fibonacci?num=20,200,113
84,10,/timestamp,200,81
85,1,/hash?text=TestData123&algo=sha256,200,203
85,2,/fibonacci?num=30,200,21
85,3,/status,200,36
85,4,/reverse?text=StressTest,200,50
85,5,/toupper?text=testing,200,33
85,6,/reverse?text=HelloWorld,200,19
85,7,/toupper?text=lowercase,200,46
85,8,/toupper?text=lowercase,200,88
85,9,/fibonacci?num=30,200,24
85,10,/random?min=1&max=1000,200,85
86,1,/random?min=1&max=100,200,84
86,2,/fibonacci?num=20,200,23
86,3,/fibonacci?num=25,200,25
86,4,/reverse?text=StressTest,200,58
86,5,/fibonacci?num=25,200,21
86,6,/hash?text=TestData123&algo=sha256,200,29
86,7,/random?min=1&max=1000,200,42
86,8,/timestamp,200,40
86,9,/toupper?text=testing,200,82
86,10,/random?min=1&max=100,200,47
87,1,/reverse?text=HelloWorld,200,179
87,2,/toupper?text=lowercase,200,22
87,3,/reverse?text=StressTest,200,30
87,4,/status,200,25
87,5,/reverse?text=StressTest,200,29
87,6,/hash?text=TestData123&algo=sha256,200,22
87,7,/status,200,58
87,8,/fibonacci?num=25,200,94
87,9,/random?min=1&max=100,200,49
87,10,/timestamp,200,11
88,1,/random?min=1&max=100,200,83
88,2,/timestamp,200,17
88,3,/fibonacci?num=25,200,35
88,4,/reverse?text=StressTest,200,49
88,5,/hash?text=TestData123&algo=sha256,200,17
88,6,/fibonacci?num=30,200,18
88,7,/status,200,52
88,8,/hash?text=TestData123&algo=sha256,200,74
88,9,/toupper?text=testing,200,42
88,10,/help,200,70
89,1,/fibonacci?num=25,200,204
89,2,/random?min=1&max=1000,200,17
89,3,/reverse?text=StressTest,200,30
89,4,/fibonacci?num=30,200,52
89,5,/reverse?text=HelloWorld,200,34
89,6,/fibonacci?num=20,200,19
89,7,/reverse?text=HelloWorld,200,85
89,8,/help,200,48
89,9,/reverse?text=HelloWorld,200,60
89,10,/reverse?text=StressTest,200,86
9,1,/reverse?text=HelloWorld,200,162
9,2,/reverse?text=HelloWorld,200,39
9,3,/reverse?text=StressTest,200,39
9,4,/random?min=1&max=1000,200,57
9,5,/status,200,18
9,6,/fibonacci?num=20,200,19
9,7,/help,200,24
9,8,/status,200,54
9,9,/status,200,88
9,10,/timestamp,200,21
90,1,/timestamp,200,181
90,2,/toupper?text=testing,200,22
90,3,/status,200,45
90,4,/random?min=1&max=1000,200,42
90,5,/status,200,28
90,6,/fibonacci?num=20,200,25
90,7,/toupper?text=testing,200,68
90,8,/status,200,34
90,9,/fibonacci?num=30,200,13
90,10,/status,200,69
91,1,/toupper?text=lowercase,200,207
91,2,/status,200,20
91,3,/status,200,22
91,4,/help,200,44
91,5,/reverse?text=StressTest,200,19
91,6,/fibonacci?num=30,200,18
91,7,/fibonacci?num=20,200,26
91,8,/toupper?text=lowercase,200,68
91,9,/random?min=1&max=1000,200,90
91,10,/random?min=1&max=100,200,51
92,1,/help,200,175
92,2,/random?min=1&max=1000,200,30
92,3,/reverse?text=StressTest,200,31
92,4,/timestamp,200,47
92,5,/random?min=1&max=100,200,22
92,6,/timestamp,200,19
92,7,/reverse?text=HelloWorld,200,71
92,8,/random?min=1&max=100,200,140
92,9,/hash?text=TestData123&algo=sha256,200,64
92,10,/help,200,32
93,1,/timestamp,200,196
93,2,/toupper?text=testing,200,12
93,3,/random?min=1&max=100,200,26
93,4,/reverse?text=HelloWorld,200,43
93,5,/status,200,17
93,6,/reverse?text=HelloWorld,200,23
93,7,/random?min=1&max=1000,200,38
93,8,/status,200,38
93,9,/reverse?text=StressTest,200,205
93,10,/hash?text=TestData123&algo=sha256,200,24
94,1,/reverse?text=StressTest,200,262
94,2,/toupper?text=testing,200,19
94,3,/reverse?text=HelloWorld,200,66
94,4,/toupper?text=lowercase,200,36
94,5,/reverse?text=HelloWorld,200,28
94,6,/help,200,28
94,7,/random?min=1&max=1000,200,51
94,8,/status,200,83
94,9,/timestamp,200,35
94,10,/reverse?text=HelloWorld,200,35
95,1,/status,200,202
95,2,/fibonacci?num=20,200,21
95,3,/toupper?text=testing,200,36
95,4,/timestamp,200,44
95,5,/hash?text=TestData123&algo=sha256,200,21
95,6,/fibonacci?num=25,200,40
95,7,/status,200,64
95,8,/status,200,81
95,9,/help,200,41
95,10,/status,200,33
96,1,/fibonacci?num=25,200,90
96,2,/fibonacci?num=25,200,15
96,3,/status,200,45
96,4,/fibonacci?num=25,200,84
96,5,/timestamp,200,27
96,6,/reverse?text=StressTest,200,36
96,7,/toupper?text=lowercase,200,86
96,8,/status,200,45
96,9,/help,200,82
96,10,/reverse?text=HelloWorld,200,52
97,1,/reverse?text=StressTest,200,189
97,2,/fibonacci?num=20,200,15
97,3,/random?min=1&max=1000,200,53
97,4,/random?min=1&max=1000,200,34
97,5,/help,200,16
97,6,/timestamp,200,37
97,7,/fibonacci?num=20,200,54
97,8,/help,200,100
97,9,/random?min=1&max=100,200,80
97,10,/status,200,35
98,1,/random?min=1&max=1000,200,162
98,2,/fibonacci?num=25,200,12
98,3,/fibonacci?num=25,200,42
98,4,/fibonacci?num=20,200,36
98,5,/fibonacci?num=25,200,29
98,6,/random?min=1&max=1000,200,35
98,7,/hash?text=TestData123&algo=sha256,200,32
98,8,/fibonacci?num=25,200,72
98,9,/random?min=1&max=100,200,95
98,10,/fibonacci?num=30,200,30
99,1,/random?min=1&max=1000,200,237
99,2,/random?min=1&max=100,200,33
99,3,/fibonacci?num=25,200,36
99,4,/toupper?text=testing,200,42
99,5,/status,200,22
99,6,/fibonacci?num=30,200,31
99,7,/random?min=1&max=100,200,103
99,8,/timestamp,200,92
99,9,/timestamp,200,51
99,10,/help,200,18
