1,1,/factor?num=123456789,400,33
1,2,/wordcount?name=test_text.txt,200,78
1,3,/hash?text=TestData123&algo=sha256,200,23
1,4,/reverse?text=Hello%20World%20Testing%20Stress,200,17
1,5,/toupper?text=lowercase%20text,200,15
1,6,/pi?iterations=100000,400,16
1,7,/factor?num=123456789,400,25
1,8,/createfile?name=stress_test.txt&content=StressData&repeat=10,200,35
1,9,/toupper?text=lowercase%20text,200,20
1,10,/status,200,23
10,1,/factor?num=123456789,400,30
10,2,/wordcount?name=test_text.txt,200,52
10,3,/factor?num=123456789,400,19
10,4,/wordcount?name=test_text.txt,200,31
10,5,/isprime?num=15485863,400,11
10,6,/toupper?text=lowercase%20text,200,19
10,7,/hash?text=TestData123&algo=sha256,200,36
10,8,/createfile?name=stress_test.txt&content=StressData&repeat=10,200,36
10,9,/isprime?num=15485863,400,28
10,10,/status,200,20
2,1,/isprime?num=15485863,400,34
2,2,/createfile?name=stress_test.txt&content=StressData&repeat=10,200,74
2,3,/timestamp,200,16
2,4,/wordcount?name=test_text.txt,200,20
2,5,/wordcount?name=test_text.txt,200,37
2,6,/reverse?text=Hello%20World%20Testing%20Stress,200,18
2,7,/factor?num=123456789,400,28
2,8,/fibonacci?num=30,200,25
2,9,/pi?iterations=100000,400,32
2,10,/fibonacci?num=30,200,22
3,1,/pi?iterations=100000,400,44
3,2,/pi?iterations=100000,400,34
3,3,/status,200,24
3,4,/toupper?text=lowercase%20text,200,26
3,5,/timestamp,200,18
3,6,/fibonacci?num=30,200,18
3,7,/status,200,18
3,8,/isprime?num=15485863,400,24
3,9,/fibonacci?num=30,200,27
3,10,/timestamp,200,23
4,1,/timestamp,200,41
4,2,/hash?text=TestData123&algo=sha256,200,32
4,3,/reverse?text=Hello%20World%20Testing%20Stress,200,24
4,4,/random?min=1&max=1000,200,21
4,5,/hash?text=TestData123&algo=sha256,200,21
4,6,/hash?text=TestData123&algo=sha256,200,20
4,7,/wordcount?name=test_text.txt,200,27
4,8,/factor?num=123456789,400,23
4,9,/isprime?num=15485863,400,21
4,10,/random?min=1&max=1000,200,30
5,1,/factor?num=123456789,400,23
5,2,/fibonacci?num=30,200,20
5,3,/toupper?text=lowercase%20text,200,16
5,4,/fibonacci?num=30,200,19
5,5,/toupper?text=lowercase%20text,200,12
5,6,/pi?iterations=100000,400,15
5,7,/pi?iterations=100000,400,18
5,8,/createfile?name=stress_test.txt&content=StressData&repeat=10,200,35
5,9,/wordcount?name=test_text.txt,200,34
5,10,/reverse?text=Hello%20World%20Testing%20Stress,200,37
6,1,/reverse?text=Hello%20World%20Testing%20Stress,200,26
6,2,/fibonacci?num=30,200,25
6,3,/isprime?num=15485863,400,25
6,4,/timestamp,200,15
6,5,/reverse?text=Hello%20World%20Testing%20Stress,200,16
6,6,/hash?text=TestData123&algo=sha256,200,15
6,7,/createfile?name=stress_test.txt&content=StressData&repeat=10,200,37
6,8,/isprime?num=15485863,400,25
6,9,/status,200,22
6,10,/timestamp,200,17
7,1,/createfile?name=stress_test.txt&content=StressData&repeat=10,200,53
7,2,/timestamp,200,25
7,3,/pi?iterations=100000,400,17
7,4,/isprime?num=15485863,400,21
7,5,/toupper?text=lowercase%20text,200,16
7,6,/isprime?num=15485863,400,16
7,7,/fibonacci?num=30,200,16
7,8,/createfile?name=stress_test.txt&content=StressData&repeat=10,200,39
7,9,/reverse?text=Hello%20World%20Testing%20Stress,200,36
7,10,/hash?text=TestData123&algo=sha256,200,19
8,1,/wordcount?name=test_text.txt,200,53
8,2,/pi?iterations=100000,400,20
8,3,/hash?text=TestData123&algo=sha256,200,21
8,4,/random?min=1&max=1000,200,19
8,5,/status,200,15
8,6,/status,200,22
8,7,/isprime?num=15485863,400,20
8,8,/hash?text=TestData123&algo=sha256,200,27
8,9,/factor?num=123456789,400,23
8,10,/hash?text=TestData123&algo=sha256,200,19
9,1,/fibonacci?num=30,200,34
9,2,/random?min=1&max=1000,200,36
9,3,/factor?num=123456789,400,18
9,4,/reverse?text=Hello%20World%20Testing%20Stress,200,13
9,5,/timestamp,200,16
9,6,/isprime?num=15485863,400,13
9,7,/random?min=1&max=1000,200,35
9,8,/random?min=1&max=1000,200,24
9,9,/wordcount?name=test_text.txt,200,64
9,10,/factor?num=123456789,400,18
