1,1,/fibonacci?num=30,200,52
1,2,/status,200,54
1,3,/toupper?text=lowercase%20text,200,24
1,4,/wordcount?name=test_text.txt,200,67
1,5,/random?min=1&max=1000,200,60
1,6,/random?min=1&max=1000,200,64
1,7,/createfile?name=stress_test.txt&content=StressData&repeat=10,200,52
1,8,/reverse?text=Hello%20World%20Testing%20Stress,200,96
1,9,/reverse?text=Hello%20World%20Testing%20Stress,200,46
1,10,/pi?iterations=100000,400,25
10,1,/toupper?text=lowercase%20text,200,117
10,2,/status,200,38
10,3,/wordcount?name=test_text.txt,200,82
10,4,/status,200,32
10,5,/factor?num=123456789,400,43
10,6,/hash?text=TestData123&algo=sha256,200,31
10,7,/factor?num=123456789,400,70
10,8,/random?min=1&max=1000,200,28
10,9,/fibonacci?num=30,200,39
10,10,/fibonacci?num=30,200,34
11,1,/wordcount?name=test_text.txt,200,184
11,2,/wordcount?name=test_text.txt,200,54
11,3,/isprime?num=15485863,400,38
11,4,/reverse?text=Hello%20World%20Testing%20Stress,200,48
11,5,/random?min=1&max=1000,200,35
11,6,/toupper?text=lowercase%20text,200,63
11,7,/fibonacci?num=30,200,86
11,8,/isprime?num=15485863,400,22
11,9,/timestamp,200,41
11,10,/isprime?num=15485863,400,34
12,1,/toupper?text=lowercase%20text,200,159
12,2,/reverse?text=Hello%20World%20Testing%20Stress,200,16
12,3,/fibonacci?num=30,200,45
12,4,/status,200,40
12,5,/status,200,55
12,6,/createfile?name=stress_test.txt&content=StressData&repeat=10,200,54
12,7,/random?min=1&max=1000,200,109
12,8,/pi?iterations=100000,400,33
12,9,/status,200,26
12,10,/status,200,36
13,1,/wordcount?name=test_text.txt,200,173
13,2,/wordcount?name=test_text.txt,200,25
13,3,/createfile?name=stress_test.txt&content=StressData&repeat=10,200,91
13,4,/hash?text=TestData123&algo=sha256,200,32
13,5,/fibonacci?num=30,200,41
13,6,/pi?iterations=100000,400,61
13,7,/reverse?text=Hello%20World%20Testing%20Stress,200,67
13,8,/factor?num=123456789,400,41
13,9,/wordcount?name=test_text.txt,200,45
13,10,/hash?text=TestData123&algo=sha256,200,38
14,1,/isprime?num=15485863,400,120
14,2,/random?min=1&max=1000,200,27
14,3,/wordcount?name=test_text.txt,200,65
14,4,/timestamp,200,134
14,5,/isprime?num=15485863,400,26
14,6,/toupper?text=lowercase%20text,200,33
14,7,/hash?text=TestData123&algo=sha256,200,90
14,8,/isprime?num=15485863,400,29
14,9,/reverse?text=Hello%20World%20Testing%20Stress,200,31
14,10,/toupper?text=lowercase%20text,200,18
15,1,/status,200,125
15,2,/factor?num=123456789,400,22
15,3,/timestamp,200,40
15,4,/reverse?text=Hello%20World%20Testing%20Stress,200,41
15,5,/reverse?text=Hello%20World%20Testing%20Stress,200,85
15,6,/wordcount?name=test_text.txt,200,67
15,7,/random?min=1&max=1000,200,77
15,8,/wordcount?name=test_text.txt,200,78
15,9,/wordcount?name=test_text.txt,200,52
15,10,/factor?num=123456789,400,35
16,1,/factor?num=123456789,400,75
16,2,/wordcount?name=test_text.txt,200,69
16,3,/isprime?num=15485863,400,92
16,4,/timestamp,200,114
16,5,/toupper?text=lowercase%20text,200,33
16,6,/reverse?text=Hello%20World%20Testing%20Stress,200,76
16,7,/hash?text=TestData123&algo=sha256,200,60
16,8,/hash?text=TestData123&algo=sha256,200,27
16,9,/reverse?text=Hello%20World%20Testing%20Stress,200,28
16,10,/random?min=1&max=1000,200,19
17,1,/wordcount?name=test_text.txt,200,165
17,2,/random?min=1&max=1000,200,19
17,3,/pi?iterations=100000,400,34
17,4,/pi?iterations=100000,400,27
17,5,/timestamp,200,43
17,6,/pi?iterations=100000,400,27
17,7,/random?min=1&max=1000,200,89
17,8,/createfile?name=stress_test.txt&content=StressData&repeat=10,200,121
17,9,/timestamp,200,38
17,10,/pi?iterations=100000,400,27
18,1,/fibonacci?num=30,200,103
18,2,/fibonacci?num=30,200,32
18,3,/pi?iterations=100000,400,22
18,4,/factor?num=123456789,400,77
18,5,/isprime?num=15485863,400,64
18,6,/status,200,61
18,7,/wordcount?name=test_text.txt,200,90
18,8,/pi?iterations=100000,400,26
18,9,/fibonacci?num=30,200,34
18,10,/reverse?text=Hello%20World%20Testing%20Stress,200,27
19,1,/createfile?name=stress_test.txt&content=StressData&repeat=10,200,180
19,2,/createfile?name=stress_test.txt&content=StressData&repeat=10,200,80
19,3,/reverse?text=Hello%20World%20Testing%20Stress,200,44
19,4,/createfile?name=stress_test.txt&content=StressData&repeat=10,200,74
19,5,/isprime?num=15485863,400,44
19,6,/createfile?name=stress_test.txt&content=StressData&repeat=10,200,99
19,7,/pi?iterations=100000,400,51
19,8,/random?min=1&max=1000,200,32
19,9,/wordcount?name=test_text.txt,200,42
19,10,/status,200,47
2,1,/random?min=1&max=1000,200,142
2,2,/wordcount?name=test_text.txt,200,22
2,3,/isprime?num=15485863,400,51
2,4,/status,200,65
2,5,/hash?text=TestData123&algo=sha256,200,51
2,6,/reverse?text=Hello%20World%20Testing%20Stress,200,31
2,7,/fibonacci?num=30,200,68
2,8,/pi?iterations=100000,400,54
2,9,/status,200,32
2,10,/pi?iterations=100000,400,20
20,1,/random?min=1&max=1000,200,94
20,2,/createfile?name=stress_test.txt&content=StressData&repeat=10,200,52
20,3,/hash?text=TestData123&algo=sha256,200,47
20,4,/status,200,53
20,5,/pi?iterations=100000,400,103
20,6,/isprime?num=15485863,400,52
20,7,/status,200,99
20,8,/wordcount?name=test_text.txt,200,60
20,9,/toupper?text=lowercase%20text,200,57
20,10,/reverse?text=Hello%20World%20Testing%20Stress,200,26
21,1,/createfile?name=stress_test.txt&content=StressData&repeat=10,200,114
21,2,/status,200,18
21,3,/factor?num=123456789,400,60
21,4,/fibonacci?num=30,200,50
21,5,/fibonacci?num=30,200,50
21,6,/pi?iterations=100000,400,41
21,7,/toupper?text=lowercase%20text,200,66
21,8,/factor?num=123456789,400,63
21,9,/toupper?text=lowercase%20text,200,37
21,10,/hash?text=TestData123&algo=sha256,200,22
22,1,/toupper?text=lowercase%20text,200,106
22,2,/toupper?text=lowercase%20text,200,41
22,3,/hash?text=TestData123&algo=sha256,200,63
22,4,/fibonacci?num=30,200,82
22,5,/random?min=1&max=1000,200,65
22,6,/createfile?name=stress_test.txt&content=StressData&repeat=10,200,51
22,7,/wordcount?name=test_text.txt,200,165
22,8,/factor?num=123456789,400,30
22,9,/isprime?num=15485863,400,49
22,10,/wordcount?name=test_text.txt,200,27
23,1,/hash?text=TestData123&algo=sha256,200,94
23,2,/reverse?text=Hello%20World%20Testing%20Stress,200,29
23,3,/wordcount?name=test_text.txt,200,79
23,4,/hash?text=TestData123&algo=sha256,200,115
23,5,/hash?text=TestData123&algo=sha256,200,38
23,6,/createfile?name=stress_test.txt&content=StressData&repeat=10,200,63
23,7,/hash?text=TestData123&algo=sha256,200,86
23,8,/fibonacci?num=30,200,41
23,9,/status,200,26
23,10,/pi?iterations=100000,400,30
24,1,/toupper?text=lowercase%20text,200,125
24,2,/createfile?name=stress_test.txt&content=StressData&repeat=10,200,28
24,3,/reverse?text=Hello%20World%20Testing%20Stress,200,48
24,4,/timestamp,200,51
24,5,/toupper?text=lowercase%20text,200,50
24,6,/fibonacci?num=30,200,51
24,7,/factor?num=123456789,400,130
24,8,/hash?text=TestData123&algo=sha256,200,24
24,9,/toupper?text=lowercase%20text,200,32
24,10,/reverse?text=Hello%20World%20Testing%20Stress,200,31
25,1,/factor?num=123456789,400,128
25,2,/pi?iterations=100000,400,16
25,3,/status,200,58
25,4,/toupper?text=lowercase%20text,200,72
25,5,/random?min=1&max=1000,200,47
25,6,/status,200,80
25,7,/toupper?text=lowercase%20text,200,100
25,8,/timestamp,200,32
25,9,/isprime?num=15485863,400,46
25,10,/timestamp,200,27
26,1,/hash?text=TestData123&algo=sha256,200,149
26,2,/factor?num=123456789,400,23
26,3,/factor?num=123456789,400,47
26,4,/wordcount?name=test_text.txt,200,98
26,5,/toupper?text=lowercase%20text,200,24
26,6,/fibonacci?num=30,200,50
26,7,/reverse?text=Hello%20World%20Testing%20Stress,200,57
26,8,/timestamp,200,23
26,9,/reverse?text=Hello%20World%20Testing%20Stress,200,28
26,10,/fibonacci?num=30,200,40
27,1,/random?min=1&max=1000,200,86
27,2,/status,200,16
27,3,/timestamp,200,56
27,4,/createfile?name=stress_test.txt&content=StressData&repeat=10,200,81
27,5,/hash?text=TestData123&algo=sha256,200,35
27,6,/factor?num=123456789,400,49
27,7,/toupper?text=lowercase%20text,200,49
27,8,/timestamp,200,71
27,9,/wordcount?name=test_text.txt,200,66
27,10,/toupper?text=lowercase%20text,200,34
28,1,/random?min=1&max=1000,200,118
28,2,/toupper?text=lowercase%20text,200,22
28,3,/wordcount?name=test_text.txt,200,49
28,4,/createfile?name=stress_test.txt&content=StressData&repeat=10,200,70
28,5,/fibonacci?num=30,200,29
28,6,/createfile?name=stress_test.txt&content=StressData&repeat=10,200,133
28,7,/wordcount?name=test_text.txt,200,54
28,8,/pi?iterations=100000,400,39
28,9,/fibonacci?num=30,200,38
28,10,/createfile?name=stress_test.txt&content=StressData&repeat=10,200,13
29,1,/wordcount?name=test_text.txt,200,110
29,2,/createfile?name=stress_test.txt&content=StressData&repeat=10,200,31
29,3,/random?min=1&max=1000,200,34
29,4,/pi?iterations=100000,400,46
29,5,/isprime?num=15485863,400,48
29,6,/status,200,56
29,7,/isprime?num=15485863,400,56
29,8,/pi?iterations=100000,400,32
29,9,/reverse?text=Hello%20World%20Testing%20Stress,200,42
29,10,/wordcount?name=test_text.txt,200,42
3,1,/wordcount?name=test_text.txt,200,185
3,2,/hash?text=TestData123&algo=sha256,200,17
3,3,/wordcount?name=test_text.txt,200,73
3,4,/wordcount?name=test_text.txt,200,84
3,5,/hash?text=TestData123&algo=sha256,200,32
3,6,/factor?num=123456789,400,37
3,7,/wordcount?name=test_text.txt,200,113
3,8,/createfile?name=stress_test.txt&content=StressData&repeat=10,200,71
3,9,/timestamp,200,32
3,10,/factor?num=123456789,400,39
30,1,/factor?num=123456789,400,137
30,2,/factor?num=123456789,400,40
30,3,/factor?num=123456789,400,42
30,4,/factor?num=123456789,400,57
30,5,/timestamp,200,46
30,6,/isprime?num=15485863,400,72
30,7,/toupper?text=lowercase%20text,200,102
30,8,/hash?text=TestData123&algo=sha256,200,30
30,9,/status,200,50
30,10,/random?min=1&max=1000,200,20
31,1,/random?min=1&max=1000,200,121
31,2,/status,200,18
31,3,/hash?text=TestData123&algo=sha256,200,14
31,4,/reverse?text=Hello%20World%20Testing%20Stress,200,56
31,5,/reverse?text=Hello%20World%20Testing%20Stress,200,63
31,6,/pi?iterations=100000,400,50
31,7,/random?min=1&max=1000,200,80
31,8,/factor?num=123456789,400,68
31,9,/random?min=1&max=1000,200,33
31,10,/pi?iterations=100000,400,39
32,1,/factor?num=123456789,400,79
32,2,/createfile?name=stress_test.txt&content=StressData&repeat=10,200,41
32,3,/toupper?text=lowercase%20text,200,41
32,4,/wordcount?name=test_text.txt,200,79
32,5,/isprime?num=15485863,400,42
32,6,/createfile?name=stress_test.txt&content=StressData&repeat=10,200,68
32,7,/pi?iterations=100000,400,86
32,8,/reverse?text=Hello%20World%20Testing%20Stress,200,58
32,9,/isprime?num=15485863,400,33
32,10,/hash?text=TestData123&algo=sha256,200,42
33,1,/isprime?num=15485863,400,98
33,2,/createfile?name=stress_test.txt&content=StressData&repeat=10,200,28
33,3,/isprime?num=15485863,400,50
33,4,/reverse?text=Hello%20World%20Testing%20Stress,200,36
33,5,/random?min=1&max=1000,200,40
33,6,/wordcount?name=test_text.txt,200,42
33,7,/isprime?num=15485863,400,63
33,8,/hash?text=TestData123&algo=sha256,200,65
33,9,/toupper?text=lowercase%20text,200,56
33,10,/hash?text=TestData123&algo=sha256,200,30
34,1,/timestamp,200,114
34,2,/isprime?num=15485863,400,21
34,3,/timestamp,200,57
34,4,/isprime?num=15485863,400,52
34,5,/fibonacci?num=30,200,48
34,6,/reverse?text=Hello%20World%20Testing%20Stress,200,92
34,7,/wordcount?name=test_text.txt,200,95
34,8,/fibonacci?num=30,200,60
34,9,/toupper?text=lowercase%20text,200,34
34,10,/status,200,18
35,1,/status,200,84
35,2,/reverse?text=Hello%20World%20Testing%20Stress,200,15
35,3,/pi?iterations=100000,400,63
35,4,/toupper?text=lowercase%20text,200,70
35,5,/random?min=1&max=1000,200,60
35,6,/wordcount?name=test_text.txt,200,59
35,7,/toupper?text=lowercase%20text,200,80
35,8,/pi?iterations=100000,400,78
35,9,/hash?text=TestData123&algo=sha256,200,36
35,10,/factor?num=123456789,400,35
36,1,/fibonacci?num=30,200,88
36,2,/timestamp,200,29
36,3,/status,200,60
36,4,/timestamp,200,49
36,5,/isprime?num=15485863,400,93
36,6,/hash?text=TestData123&algo=sha256,200,40
36,7,/isprime?num=15485863,400,66
36,8,/toupper?text=lowercase%20text,200,42
36,9,/wordcount?name=test_text.txt,200,55
36,10,/timestamp,200,43
37,1,/factor?num=123456789,400,115
37,2,/factor?num=123456789,400,15
37,3,/toupper?text=lowercase%20text,200,41
37,4,/fibonacci?num=30,200,60
37,5,/createfile?name=stress_test.txt&content=StressData&repeat=10,200,64
37,6,/isprime?num=15485863,400,49
37,7,/toupper?text=lowercase%20text,200,103
37,8,/createfile?name=stress_test.txt&content=StressData&repeat=10,200,36
37,9,/status,200,38
37,10,/toupper?text=lowercase%20text,200,27
38,1,/pi?iterations=100000,400,101
38,2,/status,200,14
38,3,/factor?num=123456789,400,53
38,4,/reverse?text=Hello%20World%20Testing%20Stress,200,65
38,5,/timestamp,200,48
38,6,/factor?num=123456789,400,34
38,7,/toupper?text=lowercase%20text,200,93
38,8,/timestamp,200,21
38,9,/factor?num=123456789,400,35
38,10,/hash?text=TestData123&algo=sha256,200,30
39,1,/wordcount?name=test_text.txt,200,116
39,2,/fibonacci?num=30,200,27
39,3,/timestamp,200,39
39,4,/toupper?text=lowercase%20text,200,65
39,5,/createfile?name=stress_test.txt&content=StressData&repeat=10,200,72
39,6,/wordcount?name=test_text.txt,200,39
39,7,/wordcount?name=test_text.txt,200,150
39,8,/fibonacci?num=30,200,24
39,9,/wordcount?name=test_text.txt,200,51
39,10,/wordcount?name=test_text.txt,200,63
4,1,/factor?num=123456789,400,86
4,2,/hash?text=TestData123&algo=sha256,200,35
4,3,/wordcount?name=test_text.txt,200,36
4,4,/hash?text=TestData123&algo=sha256,200,40
4,5,/fibonacci?num=30,200,44
4,6,/timestamp,200,24
4,7,/pi?iterations=100000,400,95
4,8,/timestamp,200,54
4,9,/factor?num=123456789,400,16
4,10,/timestamp,200,47
40,1,/fibonacci?num=30,200,90
40,2,/random?min=1&max=1000,200,17
40,3,/createfile?name=stress_test.txt&content=StressData&repeat=10,200,66
40,4,/pi?iterations=100000,400,56
40,5,/factor?num=123456789,400,35
40,6,/fibonacci?num=30,200,38
40,7,/toupper?text=lowercase%20text,200,74
40,8,/fibonacci?num=30,200,81
40,9,/factor?num=123456789,400,29
40,10,/toupper?text=lowercase%20text,200,21
41,1,/wordcount?name=test_text.txt,200,121
41,2,/status,200,16
41,3,/status,200,53
41,4,/status,200,71
41,5,/pi?iterations=100000,400,48
41,6,/random?min=1&max=1000,200,38
41,7,/toupper?text=lowercase%20text,200,83
41,8,/toupper?text=lowercase%20text,200,33
41,9,/createfile?name=stress_test.txt&content=StressData&repeat=10,200,47
41,10,/fibonacci?num=30,200,37
42,1,/createfile?name=stress_test.txt&content=StressData&repeat=10,200,140
42,2,/toupper?text=lowercase%20text,200,39
42,3,/isprime?num=15485863,400,73
42,4,/timestamp,200,52
42,5,/toupper?text=lowercase%20text,200,20
42,6,/createfile?name=stress_test.txt&content=StressData&repeat=10,200,89
42,7,/createfile?name=stress_test.txt&content=StressData&repeat=10,200,87
42,8,/factor?num=123456789,400,28
42,9,/status,200,39
42,10,/reverse?text=Hello%20World%20Testing%20Stress,200,21
43,1,/pi?iterations=100000,400,116
43,2,/timestamp,200,16
43,3,/fibonacci?num=30,200,39
43,4,/reverse?text=Hello%20World%20Testing%20Stress,200,77
43,5,/toupper?text=lowercase%20text,200,34
43,6,/toupper?text=lowercase%20text,200,26
43,7,/isprime?num=15485863,400,65
43,8,/hash?text=TestData123&algo=sha256,200,60
43,9,/hash?text=TestData123&algo=sha256,200,49
43,10,/hash?text=TestData123&algo=sha256,200,21
44,1,/timestamp,200,90
44,2,/factor?num=123456789,400,12
44,3,/createfile?name=stress_test.txt&content=StressData&repeat=10,200,92
44,4,/createfile?name=stress_test.txt&content=StressData&repeat=10,200,136
44,5,/status,200,83
44,6,/fibonacci?num=30,200,34
44,7,/reverse?text=Hello%20World%20Testing%20Stress,200,46
44,8,/wordcount?name=test_text.txt,200,59
44,9,/hash?text=TestData123&algo=sha256,200,23
44,10,/timestamp,200,14
45,1,/fibonacci?num=30,200,77
45,2,/factor?num=123456789,400,17
45,3,/wordcount?name=test_text.txt,200,49
45,4,/hash?text=TestData123&algo=sha256,200,97
45,5,/fibonacci?num=30,200,42
45,6,/isprime?num=15485863,400,100
45,7,/fibonacci?num=30,200,28
45,8,/random?min=1&max=1000,200,23
45,9,/hash?text=TestData123&algo=sha256,200,44
45,10,/pi?iterations=100000,400,25
46,1,/wordcount?name=test_text.txt,200,85
46,2,/isprime?num=15485863,400,17
46,3,/timestamp,200,51
46,4,/isprime?num=15485863,400,79
46,5,/wordcount?name=test_text.txt,200,67
46,6,/fibonacci?num=30,200,45
46,7,/status,200,83
46,8,/pi?iterations=100000,400,52
46,9,/random?min=1&max=1000,200,30
46,10,/pi?iterations=100000,400,36
47,1,/pi?iterations=100000,400,95
47,2,/wordcount?name=test_text.txt,200,27
47,3,/wordcount?name=test_text.txt,200,60
47,4,/hash?text=TestData123&algo=sha256,200,72
47,5,/random?min=1&max=1000,200,31
47,6,/timestamp,200,67
47,7,/createfile?name=stress_test.txt&content=StressData&repeat=10,200,126
47,8,/fibonacci?num=30,200,22
47,9,/pi?iterations=100000,400,41
47,10,/toupper?text=lowercase%20text,200,21
48,1,/isprime?num=15485863,400,64
48,2,/pi?iterations=100000,400,15
48,3,/factor?num=123456789,400,33
48,4,/isprime?num=15485863,400,83
48,5,/hash?text=TestData123&algo=sha256,200,33
48,6,/status,200,75
48,7,/random?min=1&max=1000,200,57
48,8,/reverse?text=Hello%20World%20Testing%20Stress,200,26
48,9,/fibonacci?num=30,200,32
48,10,/random?min=1&max=1000,200,14
49,1,/createfile?name=stress_test.txt&content=StressData&repeat=10,200,67
49,2,/createfile?name=stress_test.txt&content=StressData&repeat=10,200,72
49,3,/random?min=1&max=1000,200,69
49,4,/timestamp,200,34
49,5,/reverse?text=Hello%20World%20Testing%20Stress,200,23
49,6,/random?min=1&max=1000,200,67
49,7,/timestamp,200,51
49,8,/random?min=1&max=1000,200,23
49,9,/fibonacci?num=30,200,40
49,10,/hash?text=TestData123&algo=sha256,200,30
5,1,/hash?text=TestData123&algo=sha256,200,65
5,2,/factor?num=123456789,400,51
5,3,/fibonacci?num=30,200,25
5,4,/fibonacci?num=30,200,70
5,5,/pi?iterations=100000,400,92
5,6,/fibonacci?num=30,200,27
5,7,/isprime?num=15485863,400,42
5,8,/status,200,74
5,9,/toupper?text=lowercase%20text,200,35
5,10,/wordcount?name=test_text.txt,200,81
50,1,/factor?num=123456789,400,50
50,2,/isprime?num=15485863,400,18
50,3,/hash?text=TestData123&algo=sha256,200,31
50,4,/timestamp,200,74
50,5,/createfile?name=stress_test.txt&content=StressData&repeat=10,200,112
50,6,/fibonacci?num=30,200,28
50,7,/factor?num=123456789,400,62
50,8,/reverse?text=Hello%20World%20Testing%20Stress,200,50
50,9,/timestamp,200,31
50,10,/timestamp,200,30
6,1,/reverse?text=Hello%20World%20Testing%20Stress,200,88
6,2,/pi?iterations=100000,400,36
6,3,/factor?num=123456789,400,33
6,4,/fibonacci?num=30,200,46
6,5,/random?min=1&max=1000,200,77
6,6,/createfile?name=stress_test.txt&content=StressData&repeat=10,200,39
6,7,/wordcount?name=test_text.txt,200,105
6,8,/isprime?num=15485863,400,38
6,9,/wordcount?name=test_text.txt,200,52
6,10,/status,200,32
7,1,/fibonacci?num=30,200,60
7,2,/random?min=1&max=1000,200,46
7,3,/random?min=1&max=1000,200,36
7,4,/timestamp,200,107
7,5,/toupper?text=lowercase%20text,200,57
7,6,/wordcount?name=test_text.txt,200,56
7,7,/random?min=1&max=1000,200,102
7,8,/isprime?num=15485863,400,20
7,9,/status,200,45
7,10,/factor?num=123456789,400,37
8,1,/wordcount?name=test_text.txt,200,107
8,2,/fibonacci?num=30,200,62
8,3,/hash?text=TestData123&algo=sha256,200,53
8,4,/wordcount?name=test_text.txt,200,81
8,5,/fibonacci?num=30,200,61
8,6,/isprime?num=15485863,400,32
8,7,/wordcount?name=test_text.txt,200,103
8,8,/random?min=1&max=1000,200,33
8,9,/random?min=1&max=1000,200,52
8,10,/wordcount?name=test_text.txt,200,64
9,1,/fibonacci?num=30,200,76
9,2,/createfile?name=stress_test.txt&content=StressData&repeat=10,200,69
9,3,/random?min=1&max=1000,200,23
9,4,/toupper?text=lowercase%20text,200,44
9,5,/hash?text=TestData123&algo=sha256,200,69
9,6,/fibonacci?num=30,200,41
9,7,/isprime?num=15485863,400,73
9,8,/createfile?name=stress_test.txt&content=StressData&repeat=10,200,98
9,9,/fibonacci?num=30,200,30
9,10,/timestamp,200,43
